#
# There is insufficient memory for the Java Runtime Environment to continue.
# Native memory allocation (mmap) failed to map 716177408 bytes for Failed to commit area from 0x0000000095600000 to 0x00000000c0100000 of length 716177408.
# Possible reasons:
#   The system is out of physical RAM or swap space
#   The process is running with CompressedOops enabled, and the Java Heap may be blocking the growth of the native heap
# Possible solutions:
#   Reduce memory load on the system
#   Increase physical memory or swap space
#   Check if swap backing store is full
#   Decrease Java heap size (-Xmx/-Xms)
#   Decrease number of Java threads
#   Decrease Java thread stack sizes (-Xss)
#   Set larger code cache with -XX:ReservedCodeCacheSize=
#   JVM is running with Unscaled Compressed Oops mode in which the Java heap is
#     placed in the first 4GB address space. The Java Heap base address is the
#     maximum limit for the native heap growth. Please use -XX:HeapBaseMinAddress
#     to set the Java Heap base and to place the Java Heap above 4GB virtual address.
# This output file may be truncated or incomplete.
#
#  Out of Memory Error (./src/hotspot/os/windows/os_windows.cpp:3301), pid=10616, tid=1356
#
# JRE version: OpenJDK Runtime Environment (11.0.11+9) (build 11.0.11+9-b60-7590822)
# Java VM: OpenJDK 64-Bit Server VM (11.0.11+9-b60-7590822, mixed mode, tiered, compressed oops, g1 gc, windows-amd64)
# No core dump will be written. Minidumps are not enabled by default on client versions of Windows
#

---------------  S U M M A R Y ------------

Command Line: --add-opens=java.base/java.util=ALL-UNNAMED --add-opens=java.base/java.lang=ALL-UNNAMED --add-opens=java.base/java.lang.invoke=ALL-UNNAMED --add-opens=java.base/java.util=ALL-UNNAMED --add-opens=java.prefs/java.util.prefs=ALL-UNNAMED --add-opens=java.prefs/java.util.prefs=ALL-UNNAMED --add-opens=java.base/java.nio.charset=ALL-UNNAMED --add-opens=java.base/java.net=ALL-UNNAMED --add-opens=java.base/java.util.concurrent.atomic=ALL-UNNAMED -Xmx2048m -Dfile.encoding=UTF-8 -Duser.country=ID -Duser.language=en -Duser.variant org.gradle.launcher.daemon.bootstrap.GradleDaemon 7.2

Host: AMD Ryzen 3 3200G with Radeon Vega Graphics    , 4 cores, 6G,  Windows 10 , 64 bit Build 19041 (10.0.19041.1202)
Time: Sat Mar  5 14:37:02 2022 SE Asia Standard Time elapsed time: 35.796304 seconds (0d 0h 0m 35s)

---------------  T H R E A D  ---------------

Current thread (0x000002d4296a8800):  VMThread "VM Thread" [stack: 0x000000ee63700000,0x000000ee63800000] [id=1356]

Stack: [0x000000ee63700000,0x000000ee63800000]
[error occurred during error reporting (printing stack bounds), id 0xc0000005, EXCEPTION_ACCESS_VIOLATION (0xc0000005) at pc=0x000002d412eb0f2d]

Native frames: (J=compiled Java code, j=interpreted, Vv=VM code, C=native code)
V  [jvm.dll+0x5f214a]
V  [jvm.dll+0x726fb5]
V  [jvm.dll+0x7285cd]
V  [jvm.dll+0x728be5]
V  [jvm.dll+0x728b9b]
V  [jvm.dll+0x5f14e8]
V  [jvm.dll+0x5f1c78]
C  [ntdll.dll+0xa20cf]
C  [ntdll.dll+0x51454]
C  [ntdll.dll+0xa0bfe]
C  0x000002d412eb0f2d

VM_Operation (0x000000ee68ef8340): G1CollectForAllocation, mode: safepoint, requested by thread 0x000002d430b7b800


---------------  P R O C E S S  ---------------

Threads class SMR info:
_java_thread_list=0x000002d43319df80, length=95, elements={
0x000002d40f3ac000, 0x000002d4296af000, 0x000002d4296b8800, 0x000002d4296c6000,
0x000002d4296c7800, 0x000002d4296c9800, 0x000002d4296cd800, 0x000002d4296d2000,
0x000002d4296d3000, 0x000002d42a17c000, 0x000002d42b057000, 0x000002d42ba94800,
0x000002d42b269000, 0x000002d42b693800, 0x000002d42bb97000, 0x000002d42b17b800,
0x000002d42b637000, 0x000002d42b9f6000, 0x000002d42b9f3800, 0x000002d42b9f5000,
0x000002d42b9f4800, 0x000002d42b9f7000, 0x000002d42b9f8800, 0x000002d42b9f7800,
0x000002d42b9f2800, 0x000002d42b9f9800, 0x000002d42c706000, 0x000002d42c709000,
0x000002d42c708800, 0x000002d42c703800, 0x000002d42c704000, 0x000002d42c70b000,
0x000002d42c70b800, 0x000002d42c70c800, 0x000002d42c706800, 0x000002d42c70d000,
0x000002d42c707800, 0x000002d42c70e000, 0x000002d42c70f000, 0x000002d42c70f800,
0x000002d42c710800, 0x000002d42c712000, 0x000002d42c711800, 0x000002d42ca39800,
0x000002d42ca3a000, 0x000002d42ca3b000, 0x000002d42ca3e000, 0x000002d42ca3b800,
0x000002d42ca3c800, 0x000002d42ca3d800, 0x000002d42ca38800, 0x000002d42ca3f000,
0x000002d42ca44000, 0x000002d42ca44800, 0x000002d42ca43000, 0x000002d42ca45800,
0x000002d42ca41800, 0x000002d42ca40000, 0x000002d42ca46800, 0x000002d42ca42800,
0x000002d42ca40800, 0x000002d42ca47000, 0x000002d42c1b2800, 0x000002d42c1b3000,
0x000002d42c1b6800, 0x000002d42c1b5800, 0x000002d42c1b7000, 0x000002d42c1b4000,
0x000002d42c1b1800, 0x000002d42c1b9000, 0x000002d42c1b8000, 0x000002d42c1b9800,
0x000002d42c1ba800, 0x000002d42c1b5000, 0x000002d42c1bb800, 0x000002d42c1bc000,
0x000002d42c1bd000, 0x000002d42c1bf800, 0x000002d42c1bd800, 0x000002d42c1be800,
0x000002d430b7e000, 0x000002d430b79800, 0x000002d430b7b800, 0x000002d430b78000,
0x000002d430b7c000, 0x000002d430b7d000, 0x000002d430b79000, 0x000002d430b7f800,
0x000002d430b7a800, 0x000002d430b81000, 0x000002d430b84800, 0x000002d430b82800,
0x000002d430b83800, 0x000002d430b85000, 0x000002d430b80800
}

Java Threads: ( => current thread )
  0x000002d40f3ac000 JavaThread "main" [_thread_blocked, id=6668, stack(0x000000ee63100000,0x000000ee63200000)]
  0x000002d4296af000 JavaThread "Reference Handler" daemon [_thread_blocked, id=8068, stack(0x000000ee63800000,0x000000ee63900000)]
  0x000002d4296b8800 JavaThread "Finalizer" daemon [_thread_blocked, id=3576, stack(0x000000ee63900000,0x000000ee63a00000)]
  0x000002d4296c6000 JavaThread "Signal Dispatcher" daemon [_thread_blocked, id=10188, stack(0x000000ee63a00000,0x000000ee63b00000)]
  0x000002d4296c7800 JavaThread "Attach Listener" daemon [_thread_blocked, id=832, stack(0x000000ee63b00000,0x000000ee63c00000)]
  0x000002d4296c9800 JavaThread "Service Thread" daemon [_thread_blocked, id=6760, stack(0x000000ee63c00000,0x000000ee63d00000)]
  0x000002d4296cd800 JavaThread "C2 CompilerThread0" daemon [_thread_in_native, id=7020, stack(0x000000ee63d00000,0x000000ee63e00000)]
  0x000002d4296d2000 JavaThread "C1 CompilerThread0" daemon [_thread_blocked, id=11092, stack(0x000000ee63e00000,0x000000ee63f00000)]
  0x000002d4296d3000 JavaThread "Sweeper thread" daemon [_thread_blocked, id=11152, stack(0x000000ee63f00000,0x000000ee64000000)]
  0x000002d42a17c000 JavaThread "Common-Cleaner" daemon [_thread_blocked, id=1712, stack(0x000000ee64000000,0x000000ee64100000)]
  0x000002d42b057000 JavaThread "Daemon health stats" [_thread_blocked, id=5364, stack(0x000000ee64200000,0x000000ee64300000)]
  0x000002d42ba94800 JavaThread "Incoming local TCP Connector on port 53255" [_thread_in_native, id=7236, stack(0x000000ee64400000,0x000000ee64500000)]
  0x000002d42b269000 JavaThread "Daemon periodic checks" [_thread_blocked, id=6680, stack(0x000000ee64500000,0x000000ee64600000)]
  0x000002d42b693800 JavaThread "Daemon" [_thread_blocked, id=6588, stack(0x000000ee64600000,0x000000ee64700000)]
  0x000002d42bb97000 JavaThread "Handler for socket connection from /127.0.0.1:53255 to /127.0.0.1:53256" [_thread_in_native, id=7480, stack(0x000000ee64700000,0x000000ee64800000)]
  0x000002d42b17b800 JavaThread "Cancel handler" [_thread_blocked, id=800, stack(0x000000ee64800000,0x000000ee64900000)]
  0x000002d42b637000 JavaThread "Daemon worker" [_thread_blocked, id=8340, stack(0x000000ee64900000,0x000000ee64a00000)]
  0x000002d42b9f6000 JavaThread "Asynchronous log dispatcher for DefaultDaemonConnection: socket connection from /127.0.0.1:53255 to /127.0.0.1:53256" [_thread_blocked, id=2256, stack(0x000000ee64b00000,0x000000ee64c00000)]
  0x000002d42b9f3800 JavaThread "Stdin handler" [_thread_blocked, id=2776, stack(0x000000ee64c00000,0x000000ee64d00000)]
  0x000002d42b9f5000 JavaThread "Daemon client event forwarder" [_thread_blocked, id=7008, stack(0x000000ee64d00000,0x000000ee64e00000)]
  0x000002d42b9f4800 JavaThread "Cache worker for journal cache (C:\Users\User\.gradle\caches\journal-1)" [_thread_blocked, id=6696, stack(0x000000ee64f00000,0x000000ee65000000)]
  0x000002d42b9f7000 JavaThread "File lock request listener" [_thread_in_native, id=2176, stack(0x000000ee65000000,0x000000ee65100000)]
  0x000002d42b9f8800 JavaThread "Cache worker for file hash cache (C:\Users\User\.gradle\caches\7.2\fileHashes)" [_thread_blocked, id=8760, stack(0x000000ee65100000,0x000000ee65200000)]
  0x000002d42b9f7800 JavaThread "Cache worker for file hash cache (D:\Binar\Latihan\CRUDFirebase\.gradle\7.2\fileHashes)" [_thread_blocked, id=9604, stack(0x000000ee65300000,0x000000ee65400000)]
  0x000002d42b9f2800 JavaThread "File watcher server" daemon [_thread_blocked, id=7072, stack(0x000000ee65400000,0x000000ee65500000)]
  0x000002d42b9f9800 JavaThread "File watcher consumer" daemon [_thread_blocked, id=7648, stack(0x000000ee65500000,0x000000ee65600000)]
  0x000002d42c706000 JavaThread "Cache worker for checksums cache (D:\Binar\Latihan\CRUDFirebase\.gradle\checksums)" [_thread_blocked, id=5440, stack(0x000000ee65600000,0x000000ee65700000)]
  0x000002d42c709000 JavaThread "Cache worker for cache directory md-supplier (C:\Users\User\.gradle\caches\7.2\md-supplier)" [_thread_blocked, id=8904, stack(0x000000ee65700000,0x000000ee65800000)]
  0x000002d42c708800 JavaThread "Cache worker for cache directory md-rule (C:\Users\User\.gradle\caches\7.2\md-rule)" [_thread_blocked, id=9808, stack(0x000000ee65800000,0x000000ee65900000)]
  0x000002d42c703800 JavaThread "Cache worker for execution history cache (C:\Users\User\.gradle\caches\7.2\executionHistory)" [_thread_blocked, id=7212, stack(0x000000ee65900000,0x000000ee65a00000)]
  0x000002d42c704000 JavaThread "jar transforms" [_thread_blocked, id=10160, stack(0x000000ee65a00000,0x000000ee65b00000)]
  0x000002d42c70b000 JavaThread "Cache worker for file content cache (C:\Users\User\.gradle\caches\7.2\fileContent)" [_thread_blocked, id=5012, stack(0x000000ee65b00000,0x000000ee65c00000)]
  0x000002d42c70b800 JavaThread "jar transforms Thread 2" [_thread_blocked, id=9648, stack(0x000000ee65c00000,0x000000ee65d00000)]
  0x000002d42c70c800 JavaThread "Cache worker for dependencies-accessors (D:\Binar\Latihan\CRUDFirebase\.gradle\7.2\dependencies-accessors)" [_thread_blocked, id=9832, stack(0x000000ee65d00000,0x000000ee65e00000)]
  0x000002d42c706800 JavaThread "jar transforms Thread 3" [_thread_blocked, id=9504, stack(0x000000ee65e00000,0x000000ee65f00000)]
  0x000002d42c70d000 JavaThread "Cache worker for Build Output Cleanup Cache (D:\Binar\Latihan\CRUDFirebase\.gradle\buildOutputCleanup)" [_thread_blocked, id=8364, stack(0x000000ee65f00000,0x000000ee66000000)]
  0x000002d42c707800 JavaThread "Unconstrained build operations" [_thread_blocked, id=3188, stack(0x000000ee66000000,0x000000ee66100000)]
  0x000002d42c70e000 JavaThread "Unconstrained build operations Thread 2" [_thread_blocked, id=1180, stack(0x000000ee66100000,0x000000ee66200000)]
  0x000002d42c70f000 JavaThread "Unconstrained build operations Thread 3" [_thread_blocked, id=5308, stack(0x000000ee66200000,0x000000ee66300000)]
  0x000002d42c70f800 JavaThread "Unconstrained build operations Thread 4" [_thread_blocked, id=9596, stack(0x000000ee66300000,0x000000ee66400000)]
  0x000002d42c710800 JavaThread "Unconstrained build operations Thread 5" [_thread_blocked, id=9424, stack(0x000000ee66400000,0x000000ee66500000)]
  0x000002d42c712000 JavaThread "Unconstrained build operations Thread 6" [_thread_blocked, id=1348, stack(0x000000ee66500000,0x000000ee66600000)]
  0x000002d42c711800 JavaThread "Unconstrained build operations Thread 7" [_thread_blocked, id=7976, stack(0x000000ee66600000,0x000000ee66700000)]
  0x000002d42ca39800 JavaThread "Unconstrained build operations Thread 8" [_thread_blocked, id=11060, stack(0x000000ee66700000,0x000000ee66800000)]
  0x000002d42ca3a000 JavaThread "Unconstrained build operations Thread 9" [_thread_blocked, id=5428, stack(0x000000ee66800000,0x000000ee66900000)]
  0x000002d42ca3b000 JavaThread "Unconstrained build operations Thread 10" [_thread_blocked, id=8272, stack(0x000000ee66900000,0x000000ee66a00000)]
  0x000002d42ca3e000 JavaThread "Unconstrained build operations Thread 11" [_thread_blocked, id=10732, stack(0x000000ee66a00000,0x000000ee66b00000)]
  0x000002d42ca3b800 JavaThread "Unconstrained build operations Thread 12" [_thread_blocked, id=3996, stack(0x000000ee66b00000,0x000000ee66c00000)]
  0x000002d42ca3c800 JavaThread "Unconstrained build operations Thread 13" [_thread_blocked, id=9608, stack(0x000000ee66c00000,0x000000ee66d00000)]
  0x000002d42ca3d800 JavaThread "Unconstrained build operations Thread 14" [_thread_blocked, id=7500, stack(0x000000ee66d00000,0x000000ee66e00000)]
  0x000002d42ca38800 JavaThread "Unconstrained build operations Thread 15" [_thread_blocked, id=9932, stack(0x000000ee66e00000,0x000000ee66f00000)]
  0x000002d42ca3f000 JavaThread "Unconstrained build operations Thread 16" [_thread_blocked, id=3540, stack(0x000000ee66f00000,0x000000ee67000000)]
  0x000002d42ca44000 JavaThread "Unconstrained build operations Thread 17" [_thread_blocked, id=1676, stack(0x000000ee67000000,0x000000ee67100000)]
  0x000002d42ca44800 JavaThread "Unconstrained build operations Thread 18" [_thread_blocked, id=8380, stack(0x000000ee67100000,0x000000ee67200000)]
  0x000002d42ca43000 JavaThread "Unconstrained build operations Thread 19" [_thread_blocked, id=10868, stack(0x000000ee67200000,0x000000ee67300000)]
  0x000002d42ca45800 JavaThread "Unconstrained build operations Thread 20" [_thread_blocked, id=1160, stack(0x000000ee67300000,0x000000ee67400000)]
  0x000002d42ca41800 JavaThread "Unconstrained build operations Thread 21" [_thread_blocked, id=8180, stack(0x000000ee67400000,0x000000ee67500000)]
  0x000002d42ca40000 JavaThread "Unconstrained build operations Thread 22" [_thread_blocked, id=8020, stack(0x000000ee67500000,0x000000ee67600000)]
  0x000002d42ca46800 JavaThread "Unconstrained build operations Thread 23" [_thread_blocked, id=6196, stack(0x000000ee67600000,0x000000ee67700000)]
  0x000002d42ca42800 JavaThread "Unconstrained build operations Thread 24" [_thread_blocked, id=752, stack(0x000000ee67700000,0x000000ee67800000)]
  0x000002d42ca40800 JavaThread "Unconstrained build operations Thread 25" [_thread_blocked, id=2264, stack(0x000000ee67800000,0x000000ee67900000)]
  0x000002d42ca47000 JavaThread "Unconstrained build operations Thread 26" [_thread_blocked, id=10120, stack(0x000000ee67900000,0x000000ee67a00000)]
  0x000002d42c1b2800 JavaThread "Unconstrained build operations Thread 27" [_thread_blocked, id=8524, stack(0x000000ee67a00000,0x000000ee67b00000)]
  0x000002d42c1b3000 JavaThread "Unconstrained build operations Thread 28" [_thread_blocked, id=10544, stack(0x000000ee67b00000,0x000000ee67c00000)]
  0x000002d42c1b6800 JavaThread "Unconstrained build operations Thread 29" [_thread_blocked, id=9044, stack(0x000000ee67c00000,0x000000ee67d00000)]
  0x000002d42c1b5800 JavaThread "Unconstrained build operations Thread 30" [_thread_blocked, id=1520, stack(0x000000ee67d00000,0x000000ee67e00000)]
  0x000002d42c1b7000 JavaThread "Unconstrained build operations Thread 31" [_thread_blocked, id=4576, stack(0x000000ee67e00000,0x000000ee67f00000)]
  0x000002d42c1b4000 JavaThread "Unconstrained build operations Thread 32" [_thread_blocked, id=8744, stack(0x000000ee67f00000,0x000000ee68000000)]
  0x000002d42c1b1800 JavaThread "Unconstrained build operations Thread 33" [_thread_blocked, id=5272, stack(0x000000ee68000000,0x000000ee68100000)]
  0x000002d42c1b9000 JavaThread "Unconstrained build operations Thread 34" [_thread_blocked, id=8724, stack(0x000000ee68100000,0x000000ee68200000)]
  0x000002d42c1b8000 JavaThread "Unconstrained build operations Thread 35" [_thread_blocked, id=5908, stack(0x000000ee68200000,0x000000ee68300000)]
  0x000002d42c1b9800 JavaThread "Unconstrained build operations Thread 36" [_thread_blocked, id=9668, stack(0x000000ee68300000,0x000000ee68400000)]
  0x000002d42c1ba800 JavaThread "Unconstrained build operations Thread 37" [_thread_blocked, id=6332, stack(0x000000ee68400000,0x000000ee68500000)]
  0x000002d42c1b5000 JavaThread "Unconstrained build operations Thread 38" [_thread_blocked, id=1980, stack(0x000000ee68500000,0x000000ee68600000)]
  0x000002d42c1bb800 JavaThread "Unconstrained build operations Thread 39" [_thread_blocked, id=10048, stack(0x000000ee68600000,0x000000ee68700000)]
  0x000002d42c1bc000 JavaThread "Unconstrained build operations Thread 40" [_thread_blocked, id=9816, stack(0x000000ee68700000,0x000000ee68800000)]
  0x000002d42c1bd000 JavaThread "jar transforms Thread 4" [_thread_blocked, id=9052, stack(0x000000ee68800000,0x000000ee68900000)]
  0x000002d42c1bf800 JavaThread "Memory manager" [_thread_blocked, id=11016, stack(0x000000ee68900000,0x000000ee68a00000)]
  0x000002d42c1bd800 JavaThread "build event listener" [_thread_blocked, id=4800, stack(0x000000ee68a00000,0x000000ee68b00000)]
  0x000002d42c1be800 JavaThread "build event listener" [_thread_blocked, id=2112, stack(0x000000ee68b00000,0x000000ee68c00000)]
  0x000002d430b7e000 JavaThread "Execution worker for ':'" [_thread_blocked, id=6072, stack(0x000000ee68c00000,0x000000ee68d00000)]
  0x000002d430b79800 JavaThread "Execution worker for ':' Thread 2" [_thread_blocked, id=7428, stack(0x000000ee68d00000,0x000000ee68e00000)]
  0x000002d430b7b800 JavaThread "Execution worker for ':' Thread 3" [_thread_blocked, id=6132, stack(0x000000ee68e00000,0x000000ee68f00000)]
  0x000002d430b78000 JavaThread "Cache worker for execution history cache (D:\Binar\Latihan\CRUDFirebase\.gradle\7.2\executionHistory)" [_thread_blocked, id=9720, stack(0x000000ee68f00000,0x000000ee69000000)]
  0x000002d430b7c000 JavaThread "RMI Scheduler(0)" daemon [_thread_blocked, id=8980, stack(0x000000ee65200000,0x000000ee65300000)]
  0x000002d430b7d000 JavaThread "RMI GC Daemon" daemon [_thread_blocked, id=6384, stack(0x000000ee69100000,0x000000ee69200000)]
  0x000002d430b79000 JavaThread "RMI TCP Accept-0" daemon [_thread_in_native, id=6968, stack(0x000000ee69200000,0x000000ee69300000)]
  0x000002d430b7f800 JavaThread "RMI Reaper" [_thread_blocked, id=8520, stack(0x000000ee69300000,0x000000ee69400000)]
  0x000002d430b7a800 JavaThread "RMI TCP Connection(1)-127.0.0.1" daemon [_thread_in_native, id=2784, stack(0x000000ee69400000,0x000000ee69500000)]
  0x000002d430b81000 JavaThread "Cache worker for Java compile cache (C:\Users\User\.gradle\caches\7.2\javaCompile)" [_thread_blocked, id=7580, stack(0x000000ee69500000,0x000000ee69600000)]
  0x000002d430b84800 JavaThread "Build operations" [_thread_blocked, id=11156, stack(0x000000ee69600000,0x000000ee69700000)]
  0x000002d430b82800 JavaThread "Build operations Thread 2" [_thread_blocked, id=8224, stack(0x000000ee69700000,0x000000ee69800000)]
  0x000002d430b83800 JavaThread "Build operations Thread 3" [_thread_blocked, id=9864, stack(0x000000ee69800000,0x000000ee69900000)]
  0x000002d430b85000 JavaThread "Build operations Thread 4" [_thread_blocked, id=9700, stack(0x000000ee69900000,0x000000ee69a00000)]
  0x000002d430b80800 JavaThread "C2 CompilerThread1" daemon [_thread_in_native, id=2288, stack(0x000000ee69c00000,0x000000ee69d00000)]

Other Threads:
=>0x000002d4296a8800 VMThread "VM Thread" [stack: 0x000000ee63700000,0x000000ee63800000] [id=1356]
  0x000002d42a189000 WatcherThread [stack: 0x000000ee64100000,0x000000ee64200000] [id=6768]
  0x000002d40f3c5800 GCTaskThread "GC Thread#0" [stack: 0x000000ee63200000,0x000000ee63300000] [id=9724]
  0x000002d42a9ef000 GCTaskThread "GC Thread#1" [stack: 0x000000ee64300000,0x000000ee64400000] [id=8960]
  0x000002d42b5de000 GCTaskThread "GC Thread#2" [stack: 0x000000ee64a00000,0x000000ee64b00000] [id=4144]
  0x000002d42ba24800 GCTaskThread "GC Thread#3" [stack: 0x000000ee64e00000,0x000000ee64f00000] [id=9748]
  0x000002d40f3f5800 ConcurrentGCThread "G1 Main Marker" [stack: 0x000000ee63300000,0x000000ee63400000] [id=10724]
  0x000002d40f3f7000 ConcurrentGCThread "G1 Conc#0" [stack: 0x000000ee63400000,0x000000ee63500000] [id=9248]
  0x000002d40f472000 ConcurrentGCThread "G1 Refine#0" [stack: 0x000000ee63500000,0x000000ee63600000] [id=11040]
  0x000002d43114e000 ConcurrentGCThread "G1 Refine#1" [stack: 0x000000ee69b00000,0x000000ee69c00000] [id=2536]
  0x000002d40f473000 ConcurrentGCThread "G1 Young RemSet Sampling" [stack: 0x000000ee63600000,0x000000ee63700000] [id=4120]

Threads with active compile tasks:
C2 CompilerThread0  35823 13987       4       com.sun.tools.javac.code.Symtab::lookupPackage (243 bytes)
C1 CompilerThread0  35823 14053       2       com.sun.tools.javac.code.TypeAnnotations$TypeAnnotationPositions::separateAnnotationsKinds (573 bytes)
C2 CompilerThread1  35823 14019       4       com.sun.tools.javac.code.Symtab::enterPackage (79 bytes)

VM state:at safepoint (normal execution)

VM Mutex/Monitor currently owned by a thread:  ([mutex/lock_event])
[0x000002d40f3a82d0] Threads_lock - owner thread: 0x000002d4296a8800
[0x000002d40f3a9830] Heap_lock - owner thread: 0x000002d430b7b800

Heap address: 0x0000000080000000, size: 2048 MB, Compressed Oops mode: 32-bit
Narrow klass base: 0x0000000000000000, Narrow klass shift: 3
Compressed class space size: 1073741824 Address: 0x0000000100000000

Heap:
 garbage-first heap   total 1049600K, used 232720K [0x0000000080000000, 0x0000000100000000)
  region size 1024K, 3 young (3072K), 3 survivors (3072K)
 Metaspace       used 115142K, capacity 117936K, committed 118228K, reserved 1153024K
  class space    used 14654K, capacity 15666K, committed 15744K, reserved 1048576K
Heap Regions: E=young(eden), S=young(survivor), O=old, HS=humongous(starts), HC=humongous(continues), CS=collection set, F=free, A=archive, TAMS=top-at-mark-start (previous, next)
|   0|0x0000000080000000, 0x0000000080100000, 0x0000000080100000|100%| O|  |TAMS 0x0000000080100000, 0x0000000080000000| Untracked 
|   1|0x0000000080100000, 0x0000000080200000, 0x0000000080200000|100%| O|  |TAMS 0x0000000080200000, 0x0000000080100000| Untracked 
|   2|0x0000000080200000, 0x0000000080300000, 0x0000000080300000|100%| O|  |TAMS 0x0000000080300000, 0x0000000080200000| Untracked 
|   3|0x0000000080300000, 0x0000000080400000, 0x0000000080400000|100%|HS|  |TAMS 0x0000000080400000, 0x0000000080300000| Complete 
|   4|0x0000000080400000, 0x0000000080500000, 0x0000000080500000|100%|HC|  |TAMS 0x0000000080500000, 0x0000000080400000| Complete 
|   5|0x0000000080500000, 0x0000000080600000, 0x0000000080600000|100%|HC|  |TAMS 0x0000000080600000, 0x0000000080500000| Complete 
|   6|0x0000000080600000, 0x0000000080700000, 0x0000000080700000|100%| O|  |TAMS 0x0000000080700000, 0x0000000080600000| Untracked 
|   7|0x0000000080700000, 0x0000000080800000, 0x0000000080800000|100%| O|  |TAMS 0x0000000080800000, 0x0000000080700000| Untracked 
|   8|0x0000000080800000, 0x0000000080900000, 0x0000000080900000|100%| O|  |TAMS 0x0000000080900000, 0x0000000080800000| Untracked 
|   9|0x0000000080900000, 0x0000000080a00000, 0x0000000080a00000|100%| O|  |TAMS 0x0000000080a00000, 0x0000000080900000| Untracked 
|  10|0x0000000080a00000, 0x0000000080b00000, 0x0000000080b00000|100%| O|  |TAMS 0x0000000080b00000, 0x0000000080a00000| Untracked 
|  11|0x0000000080b00000, 0x0000000080c00000, 0x0000000080c00000|100%| O|  |TAMS 0x0000000080c00000, 0x0000000080b00000| Untracked 
|  12|0x0000000080c00000, 0x0000000080d00000, 0x0000000080d00000|100%| O|  |TAMS 0x0000000080d00000, 0x0000000080c00000| Untracked 
|  13|0x0000000080d00000, 0x0000000080e00000, 0x0000000080e00000|100%| O|  |TAMS 0x0000000080e00000, 0x0000000080d00000| Untracked 
|  14|0x0000000080e00000, 0x0000000080f00000, 0x0000000080f00000|100%| O|  |TAMS 0x0000000080f00000, 0x0000000080e00000| Untracked 
|  15|0x0000000080f00000, 0x0000000081000000, 0x0000000081000000|100%| O|  |TAMS 0x0000000081000000, 0x0000000080f00000| Untracked 
|  16|0x0000000081000000, 0x0000000081100000, 0x0000000081100000|100%| O|  |TAMS 0x0000000081100000, 0x0000000081000000| Untracked 
|  17|0x0000000081100000, 0x0000000081200000, 0x0000000081200000|100%|HS|  |TAMS 0x0000000081200000, 0x0000000081100000| Complete 
|  18|0x0000000081200000, 0x0000000081300000, 0x0000000081300000|100%| O|  |TAMS 0x0000000081300000, 0x0000000081200000| Untracked 
|  19|0x0000000081300000, 0x0000000081400000, 0x0000000081400000|100%| O|  |TAMS 0x0000000081400000, 0x0000000081300000| Untracked 
|  20|0x0000000081400000, 0x0000000081500000, 0x0000000081500000|100%| O|  |TAMS 0x0000000081500000, 0x0000000081400000| Untracked 
|  21|0x0000000081500000, 0x0000000081600000, 0x0000000081600000|100%| O|  |TAMS 0x0000000081600000, 0x0000000081500000| Untracked 
|  22|0x0000000081600000, 0x0000000081700000, 0x0000000081700000|100%| O|  |TAMS 0x0000000081700000, 0x0000000081600000| Untracked 
|  23|0x0000000081700000, 0x0000000081800000, 0x0000000081800000|100%| O|  |TAMS 0x0000000081800000, 0x0000000081700000| Untracked 
|  24|0x0000000081800000, 0x0000000081900000, 0x0000000081900000|100%| O|  |TAMS 0x0000000081900000, 0x0000000081800000| Untracked 
|  25|0x0000000081900000, 0x0000000081a00000, 0x0000000081a00000|100%| O|  |TAMS 0x0000000081a00000, 0x0000000081900000| Untracked 
|  26|0x0000000081a00000, 0x0000000081b00000, 0x0000000081b00000|100%| O|  |TAMS 0x0000000081b00000, 0x0000000081a00000| Untracked 
|  27|0x0000000081b00000, 0x0000000081c00000, 0x0000000081c00000|100%|HS|  |TAMS 0x0000000081c00000, 0x0000000081b00000| Complete 
|  28|0x0000000081c00000, 0x0000000081d00000, 0x0000000081d00000|100%|HS|  |TAMS 0x0000000081d00000, 0x0000000081c00000| Complete 
|  29|0x0000000081d00000, 0x0000000081e00000, 0x0000000081e00000|100%|HS|  |TAMS 0x0000000081e00000, 0x0000000081d00000| Complete 
|  30|0x0000000081e00000, 0x0000000081f00000, 0x0000000081f00000|100%|HS|  |TAMS 0x0000000081f00000, 0x0000000081e00000| Complete 
|  31|0x0000000081f00000, 0x0000000082000000, 0x0000000082000000|100%|HC|  |TAMS 0x0000000082000000, 0x0000000081f00000| Complete 
|  32|0x0000000082000000, 0x0000000082100000, 0x0000000082100000|100%|HC|  |TAMS 0x0000000082100000, 0x0000000082000000| Complete 
|  33|0x0000000082100000, 0x0000000082200000, 0x0000000082200000|100%|HS|  |TAMS 0x0000000082200000, 0x0000000082100000| Complete 
|  34|0x0000000082200000, 0x0000000082300000, 0x0000000082300000|100%|HC|  |TAMS 0x0000000082300000, 0x0000000082200000| Complete 
|  35|0x0000000082300000, 0x0000000082400000, 0x0000000082400000|100%| O|  |TAMS 0x0000000082400000, 0x0000000082300000| Untracked 
|  36|0x0000000082400000, 0x0000000082500000, 0x0000000082500000|100%| O|  |TAMS 0x0000000082500000, 0x0000000082400000| Untracked 
|  37|0x0000000082500000, 0x0000000082600000, 0x0000000082600000|100%| O|  |TAMS 0x0000000082600000, 0x0000000082500000| Untracked 
|  38|0x0000000082600000, 0x0000000082700000, 0x0000000082700000|100%| O|  |TAMS 0x0000000082700000, 0x0000000082600000| Untracked 
|  39|0x0000000082700000, 0x0000000082800000, 0x0000000082800000|100%| O|  |TAMS 0x0000000082800000, 0x0000000082700000| Untracked 
|  40|0x0000000082800000, 0x0000000082900000, 0x0000000082900000|100%| O|  |TAMS 0x0000000082900000, 0x0000000082800000| Untracked 
|  41|0x0000000082900000, 0x0000000082a00000, 0x0000000082a00000|100%| O|  |TAMS 0x0000000082a00000, 0x0000000082900000| Untracked 
|  42|0x0000000082a00000, 0x0000000082b00000, 0x0000000082b00000|100%| O|  |TAMS 0x0000000082b00000, 0x0000000082a00000| Untracked 
|  43|0x0000000082b00000, 0x0000000082c00000, 0x0000000082c00000|100%| O|  |TAMS 0x0000000082c00000, 0x0000000082b00000| Untracked 
|  44|0x0000000082c00000, 0x0000000082d00000, 0x0000000082d00000|100%| O|  |TAMS 0x0000000082d00000, 0x0000000082c00000| Untracked 
|  45|0x0000000082d00000, 0x0000000082e00000, 0x0000000082e00000|100%| O|  |TAMS 0x0000000082e00000, 0x0000000082d00000| Untracked 
|  46|0x0000000082e00000, 0x0000000082f00000, 0x0000000082f00000|100%| O|  |TAMS 0x0000000082f00000, 0x0000000082e00000| Untracked 
|  47|0x0000000082f00000, 0x0000000083000000, 0x0000000083000000|100%| O|  |TAMS 0x0000000083000000, 0x0000000082f00000| Untracked 
|  48|0x0000000083000000, 0x0000000083100000, 0x0000000083100000|100%| O|  |TAMS 0x0000000083100000, 0x0000000083000000| Untracked 
|  49|0x0000000083100000, 0x0000000083200000, 0x0000000083200000|100%| O|  |TAMS 0x0000000083200000, 0x0000000083100000| Untracked 
|  50|0x0000000083200000, 0x0000000083300000, 0x0000000083300000|100%| O|  |TAMS 0x0000000083300000, 0x0000000083200000| Untracked 
|  51|0x0000000083300000, 0x0000000083400000, 0x0000000083400000|100%| O|  |TAMS 0x0000000083400000, 0x0000000083300000| Untracked 
|  52|0x0000000083400000, 0x0000000083500000, 0x0000000083500000|100%| O|  |TAMS 0x0000000083500000, 0x0000000083400000| Untracked 
|  53|0x0000000083500000, 0x0000000083600000, 0x0000000083600000|100%| O|  |TAMS 0x0000000083600000, 0x0000000083500000| Untracked 
|  54|0x0000000083600000, 0x0000000083700000, 0x0000000083700000|100%| O|  |TAMS 0x0000000083700000, 0x0000000083600000| Untracked 
|  55|0x0000000083700000, 0x0000000083800000, 0x0000000083800000|100%| O|  |TAMS 0x0000000083800000, 0x0000000083700000| Untracked 
|  56|0x0000000083800000, 0x0000000083900000, 0x0000000083900000|100%| O|  |TAMS 0x0000000083900000, 0x0000000083800000| Untracked 
|  57|0x0000000083900000, 0x0000000083a00000, 0x0000000083a00000|100%| O|  |TAMS 0x0000000083a00000, 0x0000000083900000| Untracked 
|  58|0x0000000083a00000, 0x0000000083b00000, 0x0000000083b00000|100%| O|  |TAMS 0x0000000083b00000, 0x0000000083a00000| Untracked 
|  59|0x0000000083b00000, 0x0000000083c00000, 0x0000000083c00000|100%| O|  |TAMS 0x0000000083c00000, 0x0000000083b00000| Untracked 
|  60|0x0000000083c00000, 0x0000000083d00000, 0x0000000083d00000|100%| O|  |TAMS 0x0000000083d00000, 0x0000000083c00000| Untracked 
|  61|0x0000000083d00000, 0x0000000083e00000, 0x0000000083e00000|100%| O|  |TAMS 0x0000000083e00000, 0x0000000083d00000| Untracked 
|  62|0x0000000083e00000, 0x0000000083f00000, 0x0000000083f00000|100%| O|  |TAMS 0x0000000083f00000, 0x0000000083e00000| Untracked 
|  63|0x0000000083f00000, 0x0000000084000000, 0x0000000084000000|100%| O|  |TAMS 0x0000000084000000, 0x0000000083f00000| Untracked 
|  64|0x0000000084000000, 0x0000000084100000, 0x0000000084100000|100%| O|  |TAMS 0x0000000084100000, 0x0000000084000000| Untracked 
|  65|0x0000000084100000, 0x0000000084200000, 0x0000000084200000|100%| O|  |TAMS 0x0000000084200000, 0x0000000084100000| Untracked 
|  66|0x0000000084200000, 0x0000000084300000, 0x0000000084300000|100%| O|  |TAMS 0x0000000084300000, 0x0000000084200000| Untracked 
|  67|0x0000000084300000, 0x0000000084400000, 0x0000000084400000|100%| O|  |TAMS 0x0000000084400000, 0x0000000084300000| Untracked 
|  68|0x0000000084400000, 0x0000000084500000, 0x0000000084500000|100%| O|  |TAMS 0x0000000084500000, 0x0000000084400000| Untracked 
|  69|0x0000000084500000, 0x0000000084600000, 0x0000000084600000|100%| O|  |TAMS 0x0000000084600000, 0x0000000084500000| Untracked 
|  70|0x0000000084600000, 0x0000000084700000, 0x0000000084700000|100%| O|  |TAMS 0x0000000084700000, 0x0000000084600000| Untracked 
|  71|0x0000000084700000, 0x0000000084800000, 0x0000000084800000|100%| O|  |TAMS 0x0000000084800000, 0x0000000084700000| Untracked 
|  72|0x0000000084800000, 0x0000000084900000, 0x0000000084900000|100%| O|  |TAMS 0x0000000084900000, 0x0000000084800000| Untracked 
|  73|0x0000000084900000, 0x0000000084a00000, 0x0000000084a00000|100%| O|  |TAMS 0x0000000084a00000, 0x0000000084900000| Untracked 
|  74|0x0000000084a00000, 0x0000000084b00000, 0x0000000084b00000|100%| O|  |TAMS 0x0000000084b00000, 0x0000000084a00000| Untracked 
|  75|0x0000000084b00000, 0x0000000084c00000, 0x0000000084c00000|100%| O|  |TAMS 0x0000000084c00000, 0x0000000084b00000| Untracked 
|  76|0x0000000084c00000, 0x0000000084d00000, 0x0000000084d00000|100%| O|  |TAMS 0x0000000084d00000, 0x0000000084c00000| Untracked 
|  77|0x0000000084d00000, 0x0000000084e00000, 0x0000000084e00000|100%| O|  |TAMS 0x0000000084e00000, 0x0000000084d00000| Untracked 
|  78|0x0000000084e00000, 0x0000000084f00000, 0x0000000084f00000|100%| O|  |TAMS 0x0000000084f00000, 0x0000000084e00000| Untracked 
|  79|0x0000000084f00000, 0x0000000085000000, 0x0000000085000000|100%| O|  |TAMS 0x0000000085000000, 0x0000000084f00000| Untracked 
|  80|0x0000000085000000, 0x0000000085100000, 0x0000000085100000|100%| O|  |TAMS 0x0000000085100000, 0x0000000085000000| Untracked 
|  81|0x0000000085100000, 0x0000000085200000, 0x0000000085200000|100%| O|  |TAMS 0x0000000085200000, 0x0000000085100000| Untracked 
|  82|0x0000000085200000, 0x0000000085300000, 0x0000000085300000|100%| O|  |TAMS 0x0000000085300000, 0x0000000085200000| Untracked 
|  83|0x0000000085300000, 0x0000000085400000, 0x0000000085400000|100%| O|  |TAMS 0x0000000085400000, 0x0000000085300000| Untracked 
|  84|0x0000000085400000, 0x0000000085500000, 0x0000000085500000|100%| O|  |TAMS 0x0000000085500000, 0x0000000085400000| Untracked 
|  85|0x0000000085500000, 0x0000000085600000, 0x0000000085600000|100%| O|  |TAMS 0x0000000085600000, 0x0000000085500000| Untracked 
|  86|0x0000000085600000, 0x0000000085700000, 0x0000000085700000|100%| O|  |TAMS 0x0000000085700000, 0x0000000085600000| Untracked 
|  87|0x0000000085700000, 0x0000000085800000, 0x0000000085800000|100%| O|  |TAMS 0x0000000085800000, 0x0000000085700000| Untracked 
|  88|0x0000000085800000, 0x0000000085900000, 0x0000000085900000|100%| O|  |TAMS 0x0000000085900000, 0x0000000085800000| Untracked 
|  89|0x0000000085900000, 0x0000000085a00000, 0x0000000085a00000|100%| O|  |TAMS 0x0000000085a00000, 0x0000000085900000| Untracked 
|  90|0x0000000085a00000, 0x0000000085b00000, 0x0000000085b00000|100%| O|  |TAMS 0x0000000085b00000, 0x0000000085a00000| Untracked 
|  91|0x0000000085b00000, 0x0000000085c00000, 0x0000000085c00000|100%| O|  |TAMS 0x0000000085c00000, 0x0000000085b00000| Untracked 
|  92|0x0000000085c00000, 0x0000000085d00000, 0x0000000085d00000|100%| O|  |TAMS 0x0000000085d00000, 0x0000000085c00000| Untracked 
|  93|0x0000000085d00000, 0x0000000085e00000, 0x0000000085e00000|100%| O|  |TAMS 0x0000000085e00000, 0x0000000085d00000| Untracked 
|  94|0x0000000085e00000, 0x0000000085f00000, 0x0000000085f00000|100%| O|  |TAMS 0x0000000085f00000, 0x0000000085e00000| Untracked 
|  95|0x0000000085f00000, 0x0000000086000000, 0x0000000086000000|100%| O|  |TAMS 0x0000000086000000, 0x0000000085f00000| Untracked 
|  96|0x0000000086000000, 0x0000000086100000, 0x0000000086100000|100%| O|  |TAMS 0x0000000086100000, 0x0000000086000000| Untracked 
|  97|0x0000000086100000, 0x0000000086200000, 0x0000000086200000|100%| O|  |TAMS 0x0000000086200000, 0x0000000086100000| Untracked 
|  98|0x0000000086200000, 0x0000000086300000, 0x0000000086300000|100%| O|  |TAMS 0x0000000086300000, 0x0000000086200000| Untracked 
|  99|0x0000000086300000, 0x0000000086400000, 0x0000000086400000|100%| O|  |TAMS 0x0000000086400000, 0x0000000086300000| Untracked 
| 100|0x0000000086400000, 0x0000000086500000, 0x0000000086500000|100%| O|  |TAMS 0x0000000086500000, 0x0000000086400000| Untracked 
| 101|0x0000000086500000, 0x0000000086600000, 0x0000000086600000|100%| O|  |TAMS 0x0000000086600000, 0x0000000086500000| Untracked 
| 102|0x0000000086600000, 0x0000000086700000, 0x0000000086700000|100%| O|  |TAMS 0x0000000086700000, 0x0000000086600000| Untracked 
| 103|0x0000000086700000, 0x0000000086800000, 0x0000000086800000|100%| O|  |TAMS 0x0000000086800000, 0x0000000086700000| Untracked 
| 104|0x0000000086800000, 0x0000000086900000, 0x0000000086900000|100%|HS|  |TAMS 0x0000000086900000, 0x0000000086800000| Complete 
| 105|0x0000000086900000, 0x0000000086a00000, 0x0000000086a00000|100%|HC|  |TAMS 0x0000000086a00000, 0x0000000086900000| Complete 
| 106|0x0000000086a00000, 0x0000000086b00000, 0x0000000086b00000|100%| O|  |TAMS 0x0000000086b00000, 0x0000000086a00000| Untracked 
| 107|0x0000000086b00000, 0x0000000086c00000, 0x0000000086c00000|100%| O|  |TAMS 0x0000000086c00000, 0x0000000086b00000| Untracked 
| 108|0x0000000086c00000, 0x0000000086d00000, 0x0000000086d00000|100%| O|  |TAMS 0x0000000086d00000, 0x0000000086c00000| Untracked 
| 109|0x0000000086d00000, 0x0000000086e00000, 0x0000000086e00000|100%| O|  |TAMS 0x0000000086e00000, 0x0000000086d00000| Untracked 
| 110|0x0000000086e00000, 0x0000000086f00000, 0x0000000086f00000|100%| O|  |TAMS 0x0000000086f00000, 0x0000000086e00000| Untracked 
| 111|0x0000000086f00000, 0x0000000087000000, 0x0000000087000000|100%| O|  |TAMS 0x0000000087000000, 0x0000000086f00000| Untracked 
| 112|0x0000000087000000, 0x0000000087100000, 0x0000000087100000|100%| O|  |TAMS 0x0000000087100000, 0x0000000087000000| Untracked 
| 113|0x0000000087100000, 0x0000000087200000, 0x0000000087200000|100%| O|  |TAMS 0x0000000087200000, 0x0000000087100000| Untracked 
| 114|0x0000000087200000, 0x0000000087300000, 0x0000000087300000|100%| O|  |TAMS 0x0000000087300000, 0x0000000087200000| Untracked 
| 115|0x0000000087300000, 0x0000000087400000, 0x0000000087400000|100%| O|  |TAMS 0x0000000087400000, 0x0000000087300000| Untracked 
| 116|0x0000000087400000, 0x0000000087500000, 0x0000000087500000|100%| O|  |TAMS 0x0000000087500000, 0x0000000087400000| Untracked 
| 117|0x0000000087500000, 0x0000000087600000, 0x0000000087600000|100%| O|  |TAMS 0x0000000087600000, 0x0000000087500000| Untracked 
| 118|0x0000000087600000, 0x0000000087700000, 0x0000000087700000|100%| O|  |TAMS 0x0000000087600000, 0x0000000087600000| Untracked 
| 119|0x0000000087700000, 0x0000000087800000, 0x0000000087800000|100%| O|  |TAMS 0x0000000087700000, 0x0000000087700000| Untracked 
| 120|0x0000000087800000, 0x0000000087900000, 0x0000000087900000|100%| O|  |TAMS 0x0000000087800000, 0x0000000087800000| Untracked 
| 121|0x0000000087900000, 0x0000000087a00000, 0x0000000087a00000|100%| O|  |TAMS 0x0000000087900000, 0x0000000087900000| Untracked 
| 122|0x0000000087a00000, 0x0000000087a80000, 0x0000000087b00000| 50%| O|  |TAMS 0x0000000087a00000, 0x0000000087a00000| Untracked 
| 123|0x0000000087b00000, 0x0000000087b00000, 0x0000000087c00000|  0%| F|  |TAMS 0x0000000087b00000, 0x0000000087b00000| Untracked 
| 124|0x0000000087c00000, 0x0000000087c00000, 0x0000000087d00000|  0%| F|  |TAMS 0x0000000087c00000, 0x0000000087c00000| Untracked 
| 125|0x0000000087d00000, 0x0000000087d00000, 0x0000000087e00000|  0%| F|  |TAMS 0x0000000087d00000, 0x0000000087d00000| Untracked 
| 126|0x0000000087e00000, 0x0000000087e00000, 0x0000000087f00000|  0%| F|  |TAMS 0x0000000087e00000, 0x0000000087e00000| Untracked 
| 127|0x0000000087f00000, 0x0000000087f00000, 0x0000000088000000|  0%| F|  |TAMS 0x0000000087f00000, 0x0000000087f00000| Untracked 
| 128|0x0000000088000000, 0x0000000088100000, 0x0000000088100000|100%| O|  |TAMS 0x0000000088100000, 0x0000000088000000| Untracked 
| 129|0x0000000088100000, 0x0000000088100000, 0x0000000088200000|  0%| F|  |TAMS 0x0000000088100000, 0x0000000088100000| Untracked 
| 130|0x0000000088200000, 0x0000000088200000, 0x0000000088300000|  0%| F|  |TAMS 0x0000000088200000, 0x0000000088200000| Untracked 
| 131|0x0000000088300000, 0x0000000088300000, 0x0000000088400000|  0%| F|  |TAMS 0x0000000088300000, 0x0000000088300000| Untracked 
| 132|0x0000000088400000, 0x0000000088400000, 0x0000000088500000|  0%| F|  |TAMS 0x0000000088400000, 0x0000000088400000| Untracked 
| 133|0x0000000088500000, 0x0000000088500000, 0x0000000088600000|  0%| F|  |TAMS 0x0000000088500000, 0x0000000088500000| Untracked 
| 134|0x0000000088600000, 0x0000000088600000, 0x0000000088700000|  0%| F|  |TAMS 0x0000000088600000, 0x0000000088600000| Untracked 
| 135|0x0000000088700000, 0x0000000088700000, 0x0000000088800000|  0%| F|  |TAMS 0x0000000088700000, 0x0000000088700000| Untracked 
| 136|0x0000000088800000, 0x0000000088800000, 0x0000000088900000|  0%| F|  |TAMS 0x0000000088800000, 0x0000000088800000| Untracked 
| 137|0x0000000088900000, 0x0000000088900000, 0x0000000088a00000|  0%| F|  |TAMS 0x0000000088900000, 0x0000000088900000| Untracked 
| 138|0x0000000088a00000, 0x0000000088a00000, 0x0000000088b00000|  0%| F|  |TAMS 0x0000000088a00000, 0x0000000088a00000| Untracked 
| 139|0x0000000088b00000, 0x0000000088b00000, 0x0000000088c00000|  0%| F|  |TAMS 0x0000000088b00000, 0x0000000088b00000| Untracked 
| 140|0x0000000088c00000, 0x0000000088c00000, 0x0000000088d00000|  0%| F|  |TAMS 0x0000000088c00000, 0x0000000088c00000| Untracked 
| 141|0x0000000088d00000, 0x0000000088d00000, 0x0000000088e00000|  0%| F|  |TAMS 0x0000000088d00000, 0x0000000088d00000| Untracked 
| 142|0x0000000088e00000, 0x0000000088e00000, 0x0000000088f00000|  0%| F|  |TAMS 0x0000000088e00000, 0x0000000088e00000| Untracked 
| 143|0x0000000088f00000, 0x0000000088f00000, 0x0000000089000000|  0%| F|  |TAMS 0x0000000088f00000, 0x0000000088f00000| Untracked 
| 144|0x0000000089000000, 0x0000000089000000, 0x0000000089100000|  0%| F|  |TAMS 0x0000000089000000, 0x0000000089000000| Untracked 
| 145|0x0000000089100000, 0x0000000089100000, 0x0000000089200000|  0%| F|  |TAMS 0x0000000089100000, 0x0000000089100000| Untracked 
| 146|0x0000000089200000, 0x0000000089300000, 0x0000000089300000|100%| O|  |TAMS 0x0000000089300000, 0x0000000089200000| Untracked 
| 147|0x0000000089300000, 0x0000000089400000, 0x0000000089400000|100%| O|  |TAMS 0x0000000089400000, 0x0000000089300000| Untracked 
| 148|0x0000000089400000, 0x0000000089500000, 0x0000000089500000|100%| O|  |TAMS 0x0000000089500000, 0x0000000089400000| Untracked 
| 149|0x0000000089500000, 0x0000000089500000, 0x0000000089600000|  0%| F|  |TAMS 0x0000000089500000, 0x0000000089500000| Untracked 
| 150|0x0000000089600000, 0x0000000089700000, 0x0000000089700000|100%| O|  |TAMS 0x0000000089700000, 0x0000000089600000| Untracked 
| 151|0x0000000089700000, 0x0000000089700000, 0x0000000089800000|  0%| F|  |TAMS 0x0000000089700000, 0x0000000089700000| Untracked 
| 152|0x0000000089800000, 0x0000000089800000, 0x0000000089900000|  0%| F|  |TAMS 0x0000000089800000, 0x0000000089800000| Untracked 
| 153|0x0000000089900000, 0x0000000089900000, 0x0000000089a00000|  0%| F|  |TAMS 0x0000000089900000, 0x0000000089900000| Untracked 
| 154|0x0000000089a00000, 0x0000000089a00000, 0x0000000089b00000|  0%| F|  |TAMS 0x0000000089a00000, 0x0000000089a00000| Untracked 
| 155|0x0000000089b00000, 0x0000000089b00000, 0x0000000089c00000|  0%| F|  |TAMS 0x0000000089b00000, 0x0000000089b00000| Untracked 
| 156|0x0000000089c00000, 0x0000000089c00000, 0x0000000089d00000|  0%| F|  |TAMS 0x0000000089c00000, 0x0000000089c00000| Untracked 
| 157|0x0000000089d00000, 0x0000000089d00000, 0x0000000089e00000|  0%| F|  |TAMS 0x0000000089d00000, 0x0000000089d00000| Untracked 
| 158|0x0000000089e00000, 0x0000000089e00000, 0x0000000089f00000|  0%| F|  |TAMS 0x0000000089e00000, 0x0000000089e00000| Untracked 
| 159|0x0000000089f00000, 0x0000000089f00000, 0x000000008a000000|  0%| F|  |TAMS 0x0000000089f00000, 0x0000000089f00000| Untracked 
| 160|0x000000008a000000, 0x000000008a000000, 0x000000008a100000|  0%| F|  |TAMS 0x000000008a000000, 0x000000008a000000| Untracked 
| 161|0x000000008a100000, 0x000000008a100000, 0x000000008a200000|  0%| F|  |TAMS 0x000000008a100000, 0x000000008a100000| Untracked 
| 162|0x000000008a200000, 0x000000008a200000, 0x000000008a300000|  0%| F|  |TAMS 0x000000008a200000, 0x000000008a200000| Untracked 
| 163|0x000000008a300000, 0x000000008a300000, 0x000000008a400000|  0%| F|  |TAMS 0x000000008a300000, 0x000000008a300000| Untracked 
| 164|0x000000008a400000, 0x000000008a500000, 0x000000008a500000|100%| O|  |TAMS 0x000000008a500000, 0x000000008a400000| Untracked 
| 165|0x000000008a500000, 0x000000008a600000, 0x000000008a600000|100%| O|  |TAMS 0x000000008a600000, 0x000000008a500000| Untracked 
| 166|0x000000008a600000, 0x000000008a700000, 0x000000008a700000|100%| O|  |TAMS 0x000000008a700000, 0x000000008a600000| Untracked 
| 167|0x000000008a700000, 0x000000008a800000, 0x000000008a800000|100%| O|  |TAMS 0x000000008a800000, 0x000000008a700000| Untracked 
| 168|0x000000008a800000, 0x000000008a900000, 0x000000008a900000|100%| O|  |TAMS 0x000000008a900000, 0x000000008a800000| Untracked 
| 169|0x000000008a900000, 0x000000008aa00000, 0x000000008aa00000|100%| O|  |TAMS 0x000000008aa00000, 0x000000008a900000| Untracked 
| 170|0x000000008aa00000, 0x000000008ab00000, 0x000000008ab00000|100%| O|  |TAMS 0x000000008ab00000, 0x000000008aa00000| Untracked 
| 171|0x000000008ab00000, 0x000000008ac00000, 0x000000008ac00000|100%| O|  |TAMS 0x000000008ac00000, 0x000000008ab00000| Untracked 
| 172|0x000000008ac00000, 0x000000008ad00000, 0x000000008ad00000|100%| O|  |TAMS 0x000000008ad00000, 0x000000008ac00000| Untracked 
| 173|0x000000008ad00000, 0x000000008ae00000, 0x000000008ae00000|100%| O|  |TAMS 0x000000008ae00000, 0x000000008ad00000| Untracked 
| 174|0x000000008ae00000, 0x000000008af00000, 0x000000008af00000|100%| O|  |TAMS 0x000000008af00000, 0x000000008ae00000| Untracked 
| 175|0x000000008af00000, 0x000000008b000000, 0x000000008b000000|100%| O|  |TAMS 0x000000008b000000, 0x000000008af00000| Untracked 
| 176|0x000000008b000000, 0x000000008b100000, 0x000000008b100000|100%| O|  |TAMS 0x000000008b100000, 0x000000008b000000| Untracked 
| 177|0x000000008b100000, 0x000000008b200000, 0x000000008b200000|100%| O|  |TAMS 0x000000008b200000, 0x000000008b100000| Untracked 
| 178|0x000000008b200000, 0x000000008b300000, 0x000000008b300000|100%| O|  |TAMS 0x000000008b300000, 0x000000008b200000| Untracked 
| 179|0x000000008b300000, 0x000000008b400000, 0x000000008b400000|100%| O|  |TAMS 0x000000008b400000, 0x000000008b300000| Untracked 
| 180|0x000000008b400000, 0x000000008b500000, 0x000000008b500000|100%| O|  |TAMS 0x000000008b500000, 0x000000008b400000| Untracked 
| 181|0x000000008b500000, 0x000000008b600000, 0x000000008b600000|100%| O|  |TAMS 0x000000008b600000, 0x000000008b500000| Untracked 
| 182|0x000000008b600000, 0x000000008b700000, 0x000000008b700000|100%| O|  |TAMS 0x000000008b700000, 0x000000008b600000| Untracked 
| 183|0x000000008b700000, 0x000000008b800000, 0x000000008b800000|100%| O|  |TAMS 0x000000008b800000, 0x000000008b700000| Untracked 
| 184|0x000000008b800000, 0x000000008b900000, 0x000000008b900000|100%| O|  |TAMS 0x000000008b900000, 0x000000008b800000| Untracked 
| 185|0x000000008b900000, 0x000000008ba00000, 0x000000008ba00000|100%| O|  |TAMS 0x000000008ba00000, 0x000000008b900000| Untracked 
| 186|0x000000008ba00000, 0x000000008bb00000, 0x000000008bb00000|100%| O|  |TAMS 0x000000008bb00000, 0x000000008ba00000| Untracked 
| 187|0x000000008bb00000, 0x000000008bc00000, 0x000000008bc00000|100%| O|  |TAMS 0x000000008bc00000, 0x000000008bb00000| Untracked 
| 188|0x000000008bc00000, 0x000000008bd00000, 0x000000008bd00000|100%| O|  |TAMS 0x000000008bd00000, 0x000000008bc00000| Untracked 
| 189|0x000000008bd00000, 0x000000008be00000, 0x000000008be00000|100%| O|  |TAMS 0x000000008be00000, 0x000000008bd00000| Untracked 
| 190|0x000000008be00000, 0x000000008bf00000, 0x000000008bf00000|100%| O|  |TAMS 0x000000008bf00000, 0x000000008be00000| Untracked 
| 191|0x000000008bf00000, 0x000000008c000000, 0x000000008c000000|100%| O|  |TAMS 0x000000008c000000, 0x000000008bf00000| Untracked 
| 192|0x000000008c000000, 0x000000008c100000, 0x000000008c100000|100%| O|  |TAMS 0x000000008c100000, 0x000000008c000000| Untracked 
| 193|0x000000008c100000, 0x000000008c200000, 0x000000008c200000|100%| O|  |TAMS 0x000000008c200000, 0x000000008c100000| Untracked 
| 194|0x000000008c200000, 0x000000008c300000, 0x000000008c300000|100%| O|  |TAMS 0x000000008c300000, 0x000000008c200000| Untracked 
| 195|0x000000008c300000, 0x000000008c400000, 0x000000008c400000|100%| O|  |TAMS 0x000000008c400000, 0x000000008c300000| Untracked 
| 196|0x000000008c400000, 0x000000008c500000, 0x000000008c500000|100%| O|  |TAMS 0x000000008c500000, 0x000000008c400000| Untracked 
| 197|0x000000008c500000, 0x000000008c600000, 0x000000008c600000|100%| O|  |TAMS 0x000000008c600000, 0x000000008c500000| Untracked 
| 198|0x000000008c600000, 0x000000008c700000, 0x000000008c700000|100%| O|  |TAMS 0x000000008c700000, 0x000000008c600000| Untracked 
| 199|0x000000008c700000, 0x000000008c800000, 0x000000008c800000|100%| O|  |TAMS 0x000000008c800000, 0x000000008c700000| Untracked 
| 200|0x000000008c800000, 0x000000008c900000, 0x000000008c900000|100%| O|  |TAMS 0x000000008c900000, 0x000000008c800000| Untracked 
| 201|0x000000008c900000, 0x000000008ca00000, 0x000000008ca00000|100%| O|  |TAMS 0x000000008ca00000, 0x000000008c900000| Untracked 
| 202|0x000000008ca00000, 0x000000008cb00000, 0x000000008cb00000|100%| O|  |TAMS 0x000000008cb00000, 0x000000008ca00000| Untracked 
| 203|0x000000008cb00000, 0x000000008cc00000, 0x000000008cc00000|100%| O|  |TAMS 0x000000008cc00000, 0x000000008cb00000| Untracked 
| 204|0x000000008cc00000, 0x000000008cd00000, 0x000000008cd00000|100%| O|  |TAMS 0x000000008cd00000, 0x000000008cc00000| Untracked 
| 205|0x000000008cd00000, 0x000000008ce00000, 0x000000008ce00000|100%| O|  |TAMS 0x000000008ce00000, 0x000000008cd00000| Untracked 
| 206|0x000000008ce00000, 0x000000008cf00000, 0x000000008cf00000|100%| O|  |TAMS 0x000000008cf00000, 0x000000008ce00000| Untracked 
| 207|0x000000008cf00000, 0x000000008d000000, 0x000000008d000000|100%| O|  |TAMS 0x000000008d000000, 0x000000008cf00000| Untracked 
| 208|0x000000008d000000, 0x000000008d100000, 0x000000008d100000|100%| O|  |TAMS 0x000000008d100000, 0x000000008d000000| Untracked 
| 209|0x000000008d100000, 0x000000008d200000, 0x000000008d200000|100%| O|  |TAMS 0x000000008d200000, 0x000000008d100000| Untracked 
| 210|0x000000008d200000, 0x000000008d300000, 0x000000008d300000|100%| O|  |TAMS 0x000000008d300000, 0x000000008d200000| Untracked 
| 211|0x000000008d300000, 0x000000008d400000, 0x000000008d400000|100%| O|  |TAMS 0x000000008d400000, 0x000000008d300000| Untracked 
| 212|0x000000008d400000, 0x000000008d500000, 0x000000008d500000|100%| O|  |TAMS 0x000000008d500000, 0x000000008d400000| Untracked 
| 213|0x000000008d500000, 0x000000008d600000, 0x000000008d600000|100%| O|  |TAMS 0x000000008d600000, 0x000000008d500000| Untracked 
| 214|0x000000008d600000, 0x000000008d700000, 0x000000008d700000|100%| O|  |TAMS 0x000000008d700000, 0x000000008d600000| Untracked 
| 215|0x000000008d700000, 0x000000008d800000, 0x000000008d800000|100%| O|  |TAMS 0x000000008d800000, 0x000000008d700000| Untracked 
| 216|0x000000008d800000, 0x000000008d900000, 0x000000008d900000|100%| O|  |TAMS 0x000000008d900000, 0x000000008d800000| Untracked 
| 217|0x000000008d900000, 0x000000008da00000, 0x000000008da00000|100%| O|  |TAMS 0x000000008da00000, 0x000000008d900000| Untracked 
| 218|0x000000008da00000, 0x000000008db00000, 0x000000008db00000|100%| O|  |TAMS 0x000000008db00000, 0x000000008da00000| Untracked 
| 219|0x000000008db00000, 0x000000008dc00000, 0x000000008dc00000|100%| O|  |TAMS 0x000000008dc00000, 0x000000008db00000| Untracked 
| 220|0x000000008dc00000, 0x000000008dd00000, 0x000000008dd00000|100%| O|  |TAMS 0x000000008dd00000, 0x000000008dc00000| Untracked 
| 221|0x000000008dd00000, 0x000000008de00000, 0x000000008de00000|100%| O|  |TAMS 0x000000008de00000, 0x000000008dd00000| Untracked 
| 222|0x000000008de00000, 0x000000008df00000, 0x000000008df00000|100%| O|  |TAMS 0x000000008df00000, 0x000000008de00000| Untracked 
| 223|0x000000008df00000, 0x000000008e000000, 0x000000008e000000|100%| O|  |TAMS 0x000000008e000000, 0x000000008df00000| Untracked 
| 224|0x000000008e000000, 0x000000008e100000, 0x000000008e100000|100%| O|  |TAMS 0x000000008e100000, 0x000000008e000000| Untracked 
| 225|0x000000008e100000, 0x000000008e200000, 0x000000008e200000|100%| O|  |TAMS 0x000000008e200000, 0x000000008e100000| Untracked 
| 226|0x000000008e200000, 0x000000008e300000, 0x000000008e300000|100%| O|  |TAMS 0x000000008e300000, 0x000000008e200000| Untracked 
| 227|0x000000008e300000, 0x000000008e400000, 0x000000008e400000|100%| O|  |TAMS 0x000000008e400000, 0x000000008e300000| Untracked 
| 228|0x000000008e400000, 0x000000008e500000, 0x000000008e500000|100%| O|  |TAMS 0x000000008e500000, 0x000000008e400000| Untracked 
| 229|0x000000008e500000, 0x000000008e600000, 0x000000008e600000|100%| O|  |TAMS 0x000000008e600000, 0x000000008e500000| Untracked 
| 230|0x000000008e600000, 0x000000008e700000, 0x000000008e700000|100%| O|  |TAMS 0x000000008e700000, 0x000000008e600000| Untracked 
| 231|0x000000008e700000, 0x000000008e800000, 0x000000008e800000|100%| O|  |TAMS 0x000000008e800000, 0x000000008e700000| Untracked 
| 232|0x000000008e800000, 0x000000008e900000, 0x000000008e900000|100%| O|  |TAMS 0x000000008e900000, 0x000000008e800000| Untracked 
| 233|0x000000008e900000, 0x000000008ea00000, 0x000000008ea00000|100%| O|  |TAMS 0x000000008ea00000, 0x000000008e900000| Untracked 
| 234|0x000000008ea00000, 0x000000008eb00000, 0x000000008eb00000|100%| O|  |TAMS 0x000000008eb00000, 0x000000008ea00000| Untracked 
| 235|0x000000008eb00000, 0x000000008ec00000, 0x000000008ec00000|100%| O|  |TAMS 0x000000008ec00000, 0x000000008eb00000| Untracked 
| 236|0x000000008ec00000, 0x000000008ed00000, 0x000000008ed00000|100%| O|  |TAMS 0x000000008ec80000, 0x000000008ec00000| Untracked 
| 237|0x000000008ed00000, 0x000000008ee00000, 0x000000008ee00000|100%| O|  |TAMS 0x000000008ed00000, 0x000000008ed00000| Untracked 
| 238|0x000000008ee00000, 0x000000008ef00000, 0x000000008ef00000|100%| O|  |TAMS 0x000000008ee00000, 0x000000008ee00000| Untracked 
| 239|0x000000008ef00000, 0x000000008f000000, 0x000000008f000000|100%| O|  |TAMS 0x000000008ef00000, 0x000000008ef00000| Untracked 
| 240|0x000000008f000000, 0x000000008f100000, 0x000000008f100000|100%| O|  |TAMS 0x000000008f000000, 0x000000008f000000| Untracked 
| 241|0x000000008f100000, 0x000000008f200000, 0x000000008f200000|100%| O|  |TAMS 0x000000008f100000, 0x000000008f100000| Untracked 
| 242|0x000000008f200000, 0x000000008f300000, 0x000000008f300000|100%| O|  |TAMS 0x000000008f200000, 0x000000008f200000| Untracked 
| 243|0x000000008f300000, 0x000000008f400000, 0x000000008f400000|100%| O|  |TAMS 0x000000008f300000, 0x000000008f300000| Untracked 
| 244|0x000000008f400000, 0x000000008f500000, 0x000000008f500000|100%| O|  |TAMS 0x000000008f400000, 0x000000008f400000| Untracked 
| 245|0x000000008f500000, 0x000000008f600000, 0x000000008f600000|100%| O|  |TAMS 0x000000008f500000, 0x000000008f500000| Untracked 
| 246|0x000000008f600000, 0x000000008f700000, 0x000000008f700000|100%| O|  |TAMS 0x000000008f600000, 0x000000008f600000| Untracked 
| 247|0x000000008f700000, 0x000000008f800000, 0x000000008f800000|100%| O|  |TAMS 0x000000008f700000, 0x000000008f700000| Untracked 
| 248|0x000000008f800000, 0x000000008f900000, 0x000000008f900000|100%| O|  |TAMS 0x000000008f800000, 0x000000008f800000| Untracked 
| 249|0x000000008f900000, 0x000000008fa00000, 0x000000008fa00000|100%| O|  |TAMS 0x000000008f900000, 0x000000008f900000| Untracked 
| 250|0x000000008fa00000, 0x000000008fb00000, 0x000000008fb00000|100%| O|  |TAMS 0x000000008fa00000, 0x000000008fa00000| Untracked 
| 251|0x000000008fb00000, 0x000000008fc00000, 0x000000008fc00000|100%| O|  |TAMS 0x000000008fb00000, 0x000000008fb00000| Untracked 
| 252|0x000000008fc00000, 0x000000008fd00000, 0x000000008fd00000|100%| O|  |TAMS 0x000000008fc00000, 0x000000008fc00000| Untracked 
| 253|0x000000008fd00000, 0x000000008fe00000, 0x000000008fe00000|100%| O|  |TAMS 0x000000008fd00000, 0x000000008fd00000| Untracked 
| 254|0x000000008fe00000, 0x000000008ff00000, 0x000000008ff00000|100%| O|  |TAMS 0x000000008fe00000, 0x000000008fe00000| Untracked 
| 255|0x000000008ff00000, 0x0000000090000000, 0x0000000090000000|100%| O|  |TAMS 0x000000008ff00000, 0x000000008ff00000| Untracked 
| 256|0x0000000090000000, 0x0000000090100000, 0x0000000090100000|100%| O|  |TAMS 0x0000000090000000, 0x0000000090000000| Untracked 
| 257|0x0000000090100000, 0x0000000090200000, 0x0000000090200000|100%| O|  |TAMS 0x0000000090100000, 0x0000000090100000| Untracked 
| 258|0x0000000090200000, 0x0000000090300000, 0x0000000090300000|100%| O|  |TAMS 0x0000000090200000, 0x0000000090200000| Untracked 
| 259|0x0000000090300000, 0x0000000090400000, 0x0000000090400000|100%| O|  |TAMS 0x0000000090300000, 0x0000000090300000| Untracked 
| 260|0x0000000090400000, 0x0000000090500000, 0x0000000090500000|100%| O|  |TAMS 0x0000000090400000, 0x0000000090400000| Untracked 
| 261|0x0000000090500000, 0x0000000090500000, 0x0000000090600000|  0%| F|  |TAMS 0x0000000090500000, 0x0000000090500000| Untracked 
| 262|0x0000000090600000, 0x0000000090600000, 0x0000000090700000|  0%| F|  |TAMS 0x0000000090600000, 0x0000000090600000| Untracked 
| 263|0x0000000090700000, 0x0000000090700000, 0x0000000090800000|  0%| F|  |TAMS 0x0000000090700000, 0x0000000090700000| Untracked 
| 264|0x0000000090800000, 0x0000000090800000, 0x0000000090900000|  0%| F|  |TAMS 0x0000000090800000, 0x0000000090800000| Untracked 
| 265|0x0000000090900000, 0x0000000090900000, 0x0000000090a00000|  0%| F|  |TAMS 0x0000000090900000, 0x0000000090900000| Untracked 
| 266|0x0000000090a00000, 0x0000000090a00000, 0x0000000090b00000|  0%| F|  |TAMS 0x0000000090a00000, 0x0000000090a00000| Untracked 
| 267|0x0000000090b00000, 0x0000000090b00000, 0x0000000090c00000|  0%| F|  |TAMS 0x0000000090b00000, 0x0000000090b00000| Untracked 
| 268|0x0000000090c00000, 0x0000000090c00000, 0x0000000090d00000|  0%| F|  |TAMS 0x0000000090c00000, 0x0000000090c00000| Untracked 
| 269|0x0000000090d00000, 0x0000000090d00000, 0x0000000090e00000|  0%| F|  |TAMS 0x0000000090d00000, 0x0000000090d00000| Untracked 
| 270|0x0000000090e00000, 0x0000000090e00000, 0x0000000090f00000|  0%| F|  |TAMS 0x0000000090e00000, 0x0000000090e00000| Untracked 
| 271|0x0000000090f00000, 0x0000000090f00000, 0x0000000091000000|  0%| F|  |TAMS 0x0000000090f00000, 0x0000000090f00000| Untracked 
| 272|0x0000000091000000, 0x0000000091000000, 0x0000000091100000|  0%| F|  |TAMS 0x0000000091000000, 0x0000000091000000| Untracked 
| 273|0x0000000091100000, 0x0000000091100000, 0x0000000091200000|  0%| F|  |TAMS 0x0000000091100000, 0x0000000091100000| Untracked 
| 274|0x0000000091200000, 0x0000000091200000, 0x0000000091300000|  0%| F|  |TAMS 0x0000000091200000, 0x0000000091200000| Untracked 
| 275|0x0000000091300000, 0x0000000091300000, 0x0000000091400000|  0%| F|  |TAMS 0x0000000091300000, 0x0000000091300000| Untracked 
| 276|0x0000000091400000, 0x0000000091400000, 0x0000000091500000|  0%| F|  |TAMS 0x0000000091400000, 0x0000000091400000| Untracked 
| 277|0x0000000091500000, 0x0000000091500000, 0x0000000091600000|  0%| F|  |TAMS 0x0000000091500000, 0x0000000091500000| Untracked 
| 278|0x0000000091600000, 0x0000000091600000, 0x0000000091700000|  0%| F|  |TAMS 0x0000000091600000, 0x0000000091600000| Untracked 
| 279|0x0000000091700000, 0x0000000091700000, 0x0000000091800000|  0%| F|  |TAMS 0x0000000091700000, 0x0000000091700000| Untracked 
| 280|0x0000000091800000, 0x0000000091800000, 0x0000000091900000|  0%| F|  |TAMS 0x0000000091800000, 0x0000000091800000| Untracked 
| 281|0x0000000091900000, 0x0000000091900000, 0x0000000091a00000|  0%| F|  |TAMS 0x0000000091900000, 0x0000000091900000| Untracked 
| 282|0x0000000091a00000, 0x0000000091a00000, 0x0000000091b00000|  0%| F|  |TAMS 0x0000000091a00000, 0x0000000091a00000| Untracked 
| 283|0x0000000091b00000, 0x0000000091b00000, 0x0000000091c00000|  0%| F|  |TAMS 0x0000000091b00000, 0x0000000091b00000| Untracked 
| 284|0x0000000091c00000, 0x0000000091c00000, 0x0000000091d00000|  0%| F|  |TAMS 0x0000000091c00000, 0x0000000091c00000| Untracked 
| 285|0x0000000091d00000, 0x0000000091d00000, 0x0000000091e00000|  0%| F|  |TAMS 0x0000000091d00000, 0x0000000091d00000| Untracked 
| 286|0x0000000091e00000, 0x0000000091e00000, 0x0000000091f00000|  0%| F|  |TAMS 0x0000000091e00000, 0x0000000091e00000| Untracked 
| 287|0x0000000091f00000, 0x0000000091f00000, 0x0000000092000000|  0%| F|  |TAMS 0x0000000091f00000, 0x0000000091f00000| Untracked 
| 288|0x0000000092000000, 0x0000000092000000, 0x0000000092100000|  0%| F|  |TAMS 0x0000000092000000, 0x0000000092000000| Untracked 
| 289|0x0000000092100000, 0x0000000092100000, 0x0000000092200000|  0%| F|  |TAMS 0x0000000092100000, 0x0000000092100000| Untracked 
| 290|0x0000000092200000, 0x0000000092200000, 0x0000000092300000|  0%| F|  |TAMS 0x0000000092200000, 0x0000000092200000| Untracked 
| 291|0x0000000092300000, 0x0000000092300000, 0x0000000092400000|  0%| F|  |TAMS 0x0000000092300000, 0x0000000092300000| Untracked 
| 292|0x0000000092400000, 0x0000000092400000, 0x0000000092500000|  0%| F|  |TAMS 0x0000000092400000, 0x0000000092400000| Untracked 
| 293|0x0000000092500000, 0x0000000092500000, 0x0000000092600000|  0%| F|  |TAMS 0x0000000092500000, 0x0000000092500000| Untracked 
| 294|0x0000000092600000, 0x0000000092600000, 0x0000000092700000|  0%| F|  |TAMS 0x0000000092600000, 0x0000000092600000| Untracked 
| 295|0x0000000092700000, 0x0000000092700000, 0x0000000092800000|  0%| F|  |TAMS 0x0000000092700000, 0x0000000092700000| Untracked 
| 296|0x0000000092800000, 0x0000000092800000, 0x0000000092900000|  0%| F|  |TAMS 0x0000000092800000, 0x0000000092800000| Untracked 
| 297|0x0000000092900000, 0x0000000092900000, 0x0000000092a00000|  0%| F|  |TAMS 0x0000000092900000, 0x0000000092900000| Untracked 
| 298|0x0000000092a00000, 0x0000000092a00000, 0x0000000092b00000|  0%| F|  |TAMS 0x0000000092a00000, 0x0000000092a00000| Untracked 
| 299|0x0000000092b00000, 0x0000000092b00000, 0x0000000092c00000|  0%| F|  |TAMS 0x0000000092b00000, 0x0000000092b00000| Untracked 
| 300|0x0000000092c00000, 0x0000000092c00000, 0x0000000092d00000|  0%| F|  |TAMS 0x0000000092c00000, 0x0000000092c00000| Untracked 
| 301|0x0000000092d00000, 0x0000000092d00000, 0x0000000092e00000|  0%| F|  |TAMS 0x0000000092d00000, 0x0000000092d00000| Untracked 
| 302|0x0000000092e00000, 0x0000000092e00000, 0x0000000092f00000|  0%| F|  |TAMS 0x0000000092e00000, 0x0000000092e00000| Untracked 
| 303|0x0000000092f00000, 0x0000000092f00000, 0x0000000093000000|  0%| F|  |TAMS 0x0000000092f00000, 0x0000000092f00000| Untracked 
| 304|0x0000000093000000, 0x0000000093000000, 0x0000000093100000|  0%| F|  |TAMS 0x0000000093000000, 0x0000000093000000| Untracked 
| 305|0x0000000093100000, 0x0000000093100000, 0x0000000093200000|  0%| F|  |TAMS 0x0000000093100000, 0x0000000093100000| Untracked 
| 306|0x0000000093200000, 0x0000000093200000, 0x0000000093300000|  0%| F|  |TAMS 0x0000000093200000, 0x0000000093200000| Untracked 
| 307|0x0000000093300000, 0x0000000093300000, 0x0000000093400000|  0%| F|  |TAMS 0x0000000093300000, 0x0000000093300000| Untracked 
| 308|0x0000000093400000, 0x0000000093400000, 0x0000000093500000|  0%| F|  |TAMS 0x0000000093400000, 0x0000000093400000| Untracked 
| 309|0x0000000093500000, 0x0000000093500000, 0x0000000093600000|  0%| F|  |TAMS 0x0000000093500000, 0x0000000093500000| Untracked 
| 310|0x0000000093600000, 0x0000000093600000, 0x0000000093700000|  0%| F|  |TAMS 0x0000000093600000, 0x0000000093600000| Untracked 
| 311|0x0000000093700000, 0x0000000093700000, 0x0000000093800000|  0%| F|  |TAMS 0x0000000093700000, 0x0000000093700000| Untracked 
| 312|0x0000000093800000, 0x0000000093800000, 0x0000000093900000|  0%| F|  |TAMS 0x0000000093800000, 0x0000000093800000| Untracked 
| 313|0x0000000093900000, 0x0000000093900000, 0x0000000093a00000|  0%| F|  |TAMS 0x0000000093900000, 0x0000000093900000| Untracked 
| 314|0x0000000093a00000, 0x0000000093a00000, 0x0000000093b00000|  0%| F|  |TAMS 0x0000000093a00000, 0x0000000093a00000| Untracked 
| 315|0x0000000093b00000, 0x0000000093b00000, 0x0000000093c00000|  0%| F|  |TAMS 0x0000000093b00000, 0x0000000093b00000| Untracked 
| 316|0x0000000093c00000, 0x0000000093c00000, 0x0000000093d00000|  0%| F|  |TAMS 0x0000000093c00000, 0x0000000093c00000| Untracked 
| 317|0x0000000093d00000, 0x0000000093d00000, 0x0000000093e00000|  0%| F|  |TAMS 0x0000000093d00000, 0x0000000093d00000| Untracked 
| 318|0x0000000093e00000, 0x0000000093e00000, 0x0000000093f00000|  0%| F|  |TAMS 0x0000000093e00000, 0x0000000093e00000| Untracked 
| 319|0x0000000093f00000, 0x0000000093f00000, 0x0000000094000000|  0%| F|  |TAMS 0x0000000093f00000, 0x0000000093f00000| Untracked 
| 320|0x0000000094000000, 0x0000000094000000, 0x0000000094100000|  0%| F|  |TAMS 0x0000000094000000, 0x0000000094000000| Untracked 
| 321|0x0000000094100000, 0x0000000094100000, 0x0000000094200000|  0%| F|  |TAMS 0x0000000094100000, 0x0000000094100000| Untracked 
| 322|0x0000000094200000, 0x0000000094200000, 0x0000000094300000|  0%| F|  |TAMS 0x0000000094200000, 0x0000000094200000| Untracked 
| 323|0x0000000094300000, 0x0000000094300000, 0x0000000094400000|  0%| F|  |TAMS 0x0000000094300000, 0x0000000094300000| Untracked 
| 324|0x0000000094400000, 0x0000000094400000, 0x0000000094500000|  0%| F|  |TAMS 0x0000000094400000, 0x0000000094400000| Untracked 
| 325|0x0000000094500000, 0x0000000094500000, 0x0000000094600000|  0%| F|  |TAMS 0x0000000094500000, 0x0000000094500000| Untracked 
| 326|0x0000000094600000, 0x00000000946c42a0, 0x0000000094700000| 76%| S|CS|TAMS 0x0000000094600000, 0x0000000094600000| Complete 
| 327|0x0000000094700000, 0x0000000094800000, 0x0000000094800000|100%| S|CS|TAMS 0x0000000094700000, 0x0000000094700000| Complete 
| 328|0x0000000094800000, 0x0000000094900000, 0x0000000094900000|100%| S|CS|TAMS 0x0000000094800000, 0x0000000094800000| Complete 
| 329|0x0000000094900000, 0x0000000094900000, 0x0000000094a00000|  0%| F|  |TAMS 0x0000000094900000, 0x0000000094900000| Untracked 
| 330|0x0000000094a00000, 0x0000000094a00000, 0x0000000094b00000|  0%| F|  |TAMS 0x0000000094a00000, 0x0000000094a00000| Untracked 
| 331|0x0000000094b00000, 0x0000000094b00000, 0x0000000094c00000|  0%| F|  |TAMS 0x0000000094b00000, 0x0000000094b00000| Untracked 
| 332|0x0000000094c00000, 0x0000000094c00000, 0x0000000094d00000|  0%| F|  |TAMS 0x0000000094c00000, 0x0000000094c00000| Untracked 
| 333|0x0000000094d00000, 0x0000000094d00000, 0x0000000094e00000|  0%| F|  |TAMS 0x0000000094d00000, 0x0000000094d00000| Untracked 
| 334|0x0000000094e00000, 0x0000000094e00000, 0x0000000094f00000|  0%| F|  |TAMS 0x0000000094e00000, 0x0000000094e00000| Untracked 
| 335|0x0000000094f00000, 0x0000000094f00000, 0x0000000095000000|  0%| F|  |TAMS 0x0000000094f00000, 0x0000000094f00000| Untracked 
| 336|0x0000000095000000, 0x0000000095000000, 0x0000000095100000|  0%| F|  |TAMS 0x0000000095000000, 0x0000000095000000| Untracked 
| 337|0x0000000095100000, 0x0000000095100000, 0x0000000095200000|  0%| F|  |TAMS 0x0000000095100000, 0x0000000095100000| Untracked 
| 338|0x0000000095200000, 0x0000000095200000, 0x0000000095300000|  0%| F|  |TAMS 0x0000000095200000, 0x0000000095200000| Untracked 
| 339|0x0000000095300000, 0x0000000095300000, 0x0000000095400000|  0%| F|  |TAMS 0x0000000095300000, 0x0000000095300000| Untracked 
| 340|0x0000000095400000, 0x0000000095400000, 0x0000000095500000|  0%| F|  |TAMS 0x0000000095400000, 0x0000000095400000| Untracked 
| 341|0x0000000095500000, 0x0000000095500000, 0x0000000095600000|  0%| F|  |TAMS 0x0000000095500000, 0x0000000095500000| Untracked 

Card table byte_map: [0x000002d4228d0000,0x000002d422cd0000] _byte_map_base: 0x000002d4224d0000

Marking Bits (Prev, Next): (CMBitMap*) 0x000002d40f3eca68, (CMBitMap*) 0x000002d40f3ecaa0
 Prev Bits: [0x000002d4230d0000, 0x000002d4250d0000)
 Next Bits: [0x000002d4250d0000, 0x000002d4270d0000)

Polling page: 0x000002d40da40000

Metaspace:

Usage:
  Non-class:     99.87 MB capacity,    98.13 MB ( 98%) used,     1.43 MB (  1%) free+waste,   321.38 KB ( <1%) overhead. 
      Class:     15.30 MB capacity,    14.31 MB ( 94%) used,   869.13 KB (  6%) free+waste,   142.63 KB ( <1%) overhead. 
       Both:    115.17 MB capacity,   112.44 MB ( 98%) used,     2.27 MB (  2%) free+waste,   464.00 KB ( <1%) overhead. 

Virtual space:
  Non-class space:      102.00 MB reserved,     100.08 MB ( 98%) committed 
      Class space:        1.00 GB reserved,      15.38 MB (  2%) committed 
             Both:        1.10 GB reserved,     115.46 MB ( 10%) committed 

Chunk freelists:
   Non-Class:  22.00 KB
       Class:  14.00 KB
        Both:  36.00 KB

MaxMetaspaceSize: 17179869184.00 GB
CompressedClassSpaceSize: 1.00 GB

CodeHeap 'non-profiled nmethods': size=120064Kb used=9225Kb max_used=9225Kb free=110838Kb
 bounds [0x000002d41a970000, 0x000002d41b280000, 0x000002d421eb0000]
CodeHeap 'profiled nmethods': size=120000Kb used=31290Kb max_used=31290Kb free=88709Kb
 bounds [0x000002d413440000, 0x000002d4152d0000, 0x000002d41a970000]
CodeHeap 'non-nmethods': size=5696Kb used=2339Kb max_used=2384Kb free=3356Kb
 bounds [0x000002d412eb0000, 0x000002d413120000, 0x000002d413440000]
 total_blobs=14873 nmethods=13906 adapters=878
 compilation: enabled
              stopped_count=0, restarted_count=0
 full_count=0

Compilation events (20 events):
Event: 35.782 Thread 0x000002d4296d2000 nmethod 14041 0x000002d41b272590 code [0x000002d41b272740, 0x000002d41b2727f8]
Event: 35.782 Thread 0x000002d4296d2000 14043       2       com.sun.tools.javac.tree.JCTree$JCLiteral::getTag (4 bytes)
Event: 35.782 Thread 0x000002d4296d2000 nmethod 14043 0x000002d4152cbc90 code [0x000002d4152cbe40, 0x000002d4152cbf38]
Event: 35.782 Thread 0x000002d4296d2000 14044       2       com.sun.tools.javac.comp.Annotate$TypeAnnotate::visitMethodDef (57 bytes)
Event: 35.783 Thread 0x000002d4296d2000 nmethod 14044 0x000002d4152cc010 code [0x000002d4152cc240, 0x000002d4152cc768]
Event: 35.783 Thread 0x000002d4296d2000 14047       2       com.sun.tools.javac.util.Iterators$2::update (42 bytes)
Event: 35.783 Thread 0x000002d4296d2000 nmethod 14047 0x000002d4152ccb10 code [0x000002d4152ccce0, 0x000002d4152ccee8]
Event: 35.783 Thread 0x000002d4296d2000 14048       2       com.sun.tools.javac.util.Iterators$2::hasNext (13 bytes)
Event: 35.783 Thread 0x000002d4296d2000 nmethod 14048 0x000002d4152cd010 code [0x000002d4152cd1c0, 0x000002d4152cd2d8]
Event: 35.783 Thread 0x000002d4296d2000 14045       2       com.sun.tools.javac.code.Scope$CompoundScope::getSymbolsByName (10 bytes)
Event: 35.783 Thread 0x000002d4296d2000 nmethod 14045 0x000002d4152cd390 code [0x000002d4152cd540, 0x000002d4152cd6e8]
Event: 35.783 Thread 0x000002d4296d2000 14046       2       com.sun.tools.javac.code.Scope$CompoundScope$$Lambda$1209/0x0000000100df5040::get$Lambda (12 bytes)
Event: 35.783 Thread 0x000002d4296d2000 nmethod 14046 0x000002d4152cd810 code [0x000002d4152cd9c0, 0x000002d4152cdc78]
Event: 35.784 Thread 0x000002d4296d2000 14049       2       com.sun.tools.javac.code.TypeAnnotationPosition::methodParameter (7 bytes)
Event: 35.784 Thread 0x000002d4296d2000 nmethod 14049 0x000002d4152cdd10 code [0x000002d4152cdec0, 0x000002d4152ce068]
Event: 35.784 Thread 0x000002d4296d2000 14050       2       com.sun.tools.javac.code.TypeAnnotationPosition::methodParameter (10 bytes)
Event: 35.784 Thread 0x000002d4296d2000 nmethod 14050 0x000002d4152ce190 code [0x000002d4152ce340, 0x000002d4152ce4e8]
Event: 35.784 Thread 0x000002d4296d2000 14052       2       com.sun.tools.javac.code.TypeAnnotationPosition::methodReturn (9 bytes)
Event: 35.784 Thread 0x000002d4296d2000 nmethod 14052 0x000002d4152ce610 code [0x000002d4152ce7c0, 0x000002d4152ce968]
Event: 35.784 Thread 0x000002d4296d2000 14053       2       com.sun.tools.javac.code.TypeAnnotations$TypeAnnotationPositions::separateAnnotationsKinds (573 bytes)

GC Heap History (20 events):
Event: 33.518 GC heap after
{Heap after GC invocations=45 (full 0):
 garbage-first heap   total 199680K, used 172573K [0x0000000080000000, 0x0000000100000000)
  region size 1024K, 1 young (1024K), 1 survivors (1024K)
 Metaspace       used 111665K, capacity 114449K, committed 114772K, reserved 1148928K
  class space    used 14250K, capacity 15257K, committed 15360K, reserved 1048576K
}
Event: 33.658 GC heap before
{Heap before GC invocations=45 (full 0):
 garbage-first heap   total 199680K, used 180765K [0x0000000080000000, 0x0000000100000000)
  region size 1024K, 9 young (9216K), 1 survivors (1024K)
 Metaspace       used 112935K, capacity 115674K, committed 115924K, reserved 1150976K
  class space    used 14444K, capacity 15452K, committed 15488K, reserved 1048576K
}
Event: 33.660 GC heap after
{Heap after GC invocations=46 (full 0):
 garbage-first heap   total 199680K, used 173217K [0x0000000080000000, 0x0000000100000000)
  region size 1024K, 2 young (2048K), 2 survivors (2048K)
 Metaspace       used 112935K, capacity 115674K, committed 115924K, reserved 1150976K
  class space    used 14444K, capacity 15452K, committed 15488K, reserved 1048576K
}
Event: 33.746 GC heap before
{Heap before GC invocations=46 (full 0):
 garbage-first heap   total 199680K, used 181409K [0x0000000080000000, 0x0000000100000000)
  region size 1024K, 9 young (9216K), 2 survivors (2048K)
 Metaspace       used 113686K, capacity 116424K, committed 116564K, reserved 1150976K
  class space    used 14535K, capacity 15553K, committed 15616K, reserved 1048576K
}
Event: 33.751 GC heap after
{Heap after GC invocations=47 (full 0):
 garbage-first heap   total 199680K, used 174356K [0x0000000080000000, 0x0000000100000000)
  region size 1024K, 2 young (2048K), 2 survivors (2048K)
 Metaspace       used 113686K, capacity 116424K, committed 116564K, reserved 1150976K
  class space    used 14535K, capacity 15553K, committed 15616K, reserved 1048576K
}
Event: 33.841 GC heap before
{Heap before GC invocations=47 (full 0):
 garbage-first heap   total 199680K, used 181524K [0x0000000080000000, 0x0000000100000000)
  region size 1024K, 9 young (9216K), 2 survivors (2048K)
 Metaspace       used 113945K, capacity 116705K, committed 116820K, reserved 1150976K
  class space    used 14559K, capacity 15561K, committed 15616K, reserved 1048576K
}
Event: 33.854 GC heap after
{Heap after GC invocations=48 (full 0):
 garbage-first heap   total 199680K, used 175650K [0x0000000080000000, 0x0000000100000000)
  region size 1024K, 2 young (2048K), 2 survivors (2048K)
 Metaspace       used 113945K, capacity 116705K, committed 116820K, reserved 1150976K
  class space    used 14559K, capacity 15561K, committed 15616K, reserved 1048576K
}
Event: 34.089 GC heap before
{Heap before GC invocations=48 (full 0):
 garbage-first heap   total 199680K, used 181794K [0x0000000080000000, 0x0000000100000000)
  region size 1024K, 9 young (9216K), 2 survivors (2048K)
 Metaspace       used 114664K, capacity 117434K, committed 117716K, reserved 1150976K
  class space    used 14637K, capacity 15632K, committed 15744K, reserved 1048576K
}
Event: 34.097 GC heap after
{Heap after GC invocations=49 (full 0):
 garbage-first heap   total 199680K, used 176516K [0x0000000080000000, 0x0000000100000000)
  region size 1024K, 1 young (1024K), 1 survivors (1024K)
 Metaspace       used 114664K, capacity 117434K, committed 117716K, reserved 1150976K
  class space    used 14637K, capacity 15632K, committed 15744K, reserved 1048576K
}
Event: 34.200 GC heap before
{Heap before GC invocations=50 (full 0):
 garbage-first heap   total 199680K, used 184708K [0x0000000080000000, 0x0000000100000000)
  region size 1024K, 9 young (9216K), 1 survivors (1024K)
 Metaspace       used 114989K, capacity 117802K, committed 117972K, reserved 1150976K
  class space    used 14653K, capacity 15666K, committed 15744K, reserved 1048576K
}
Event: 34.206 GC heap after
{Heap after GC invocations=51 (full 0):
 garbage-first heap   total 199680K, used 179387K [0x0000000080000000, 0x0000000100000000)
  region size 1024K, 2 young (2048K), 2 survivors (2048K)
 Metaspace       used 114989K, capacity 117802K, committed 117972K, reserved 1150976K
  class space    used 14653K, capacity 15666K, committed 15744K, reserved 1048576K
}
Event: 34.225 GC heap before
{Heap before GC invocations=51 (full 0):
 garbage-first heap   total 199680K, used 186555K [0x0000000080000000, 0x0000000100000000)
  region size 1024K, 9 young (9216K), 2 survivors (2048K)
 Metaspace       used 114989K, capacity 117802K, committed 117972K, reserved 1150976K
  class space    used 14653K, capacity 15666K, committed 15744K, reserved 1048576K
}
Event: 34.269 GC heap after
{Heap after GC invocations=52 (full 0):
 garbage-first heap   total 350208K, used 186559K [0x0000000080000000, 0x0000000100000000)
  region size 1024K, 2 young (2048K), 2 survivors (2048K)
 Metaspace       used 114989K, capacity 117802K, committed 117972K, reserved 1150976K
  class space    used 14653K, capacity 15666K, committed 15744K, reserved 1048576K
}
Event: 34.844 GC heap before
{Heap before GC invocations=53 (full 0):
 garbage-first heap   total 350208K, used 234687K [0x0000000080000000, 0x0000000100000000)
  region size 1024K, 49 young (50176K), 2 survivors (2048K)
 Metaspace       used 114993K, capacity 117802K, committed 117972K, reserved 1150976K
  class space    used 14653K, capacity 15666K, committed 15744K, reserved 1048576K
}
Event: 34.988 GC heap after
{Heap after GC invocations=54 (full 0):
 garbage-first heap   total 350208K, used 223146K [0x0000000080000000, 0x0000000100000000)
  region size 1024K, 7 young (7168K), 7 survivors (7168K)
 Metaspace       used 114993K, capacity 117802K, committed 117972K, reserved 1150976K
  class space    used 14653K, capacity 15666K, committed 15744K, reserved 1048576K
}
Event: 35.131 GC heap before
{Heap before GC invocations=54 (full 0):
 garbage-first heap   total 350208K, used 256938K [0x0000000080000000, 0x0000000100000000)
  region size 1024K, 40 young (40960K), 7 survivors (7168K)
 Metaspace       used 115085K, capacity 117870K, committed 117972K, reserved 1150976K
  class space    used 14653K, capacity 15666K, committed 15744K, reserved 1048576K
}
Event: 35.153 GC heap after
{Heap after GC invocations=55 (full 0):
 garbage-first heap   total 350208K, used 247296K [0x0000000080000000, 0x0000000100000000)
  region size 1024K, 5 young (5120K), 5 survivors (5120K)
 Metaspace       used 115085K, capacity 117870K, committed 117972K, reserved 1150976K
  class space    used 14653K, capacity 15666K, committed 15744K, reserved 1048576K
}
Event: 35.198 GC heap before
{Heap before GC invocations=55 (full 0):
 garbage-first heap   total 350208K, used 270848K [0x0000000080000000, 0x0000000100000000)
  region size 1024K, 28 young (28672K), 5 survivors (5120K)
 Metaspace       used 115085K, capacity 117870K, committed 117972K, reserved 1150976K
  class space    used 14653K, capacity 15666K, committed 15744K, reserved 1048576K
}
Event: 35.219 GC heap after
{Heap after GC invocations=56 (full 0):
 garbage-first heap   total 350208K, used 270848K [0x0000000080000000, 0x0000000100000000)
  region size 1024K, 4 young (4096K), 4 survivors (4096K)
 Metaspace       used 115085K, capacity 117870K, committed 117972K, reserved 1150976K
  class space    used 14653K, capacity 15666K, committed 15744K, reserved 1048576K
}
Event: 35.785 GC heap before
{Heap before GC invocations=57 (full 0):
 garbage-first heap   total 350208K, used 242176K [0x0000000080000000, 0x0000000100000000)
  region size 1024K, 17 young (17408K), 4 survivors (4096K)
 Metaspace       used 115142K, capacity 117936K, committed 118228K, reserved 1153024K
  class space    used 14654K, capacity 15666K, committed 15744K, reserved 1048576K
}

Deoptimization events (20 events):
Event: 35.287 Thread 0x000002d430b7b800 DEOPT PACKING pc=0x000002d41513d8ac sp=0x000000ee68ef87d0
Event: 35.287 Thread 0x000002d430b7b800 DEOPT UNPACKING pc=0x000002d412ed6dde sp=0x000000ee68ef7d10 mode 0
Event: 35.293 Thread 0x000002d430b7b800 DEOPT PACKING pc=0x000002d41513d8ac sp=0x000000ee68ef87d0
Event: 35.293 Thread 0x000002d430b7b800 DEOPT UNPACKING pc=0x000002d412ed6dde sp=0x000000ee68ef7d10 mode 0
Event: 35.297 Thread 0x000002d430b7b800 DEOPT PACKING pc=0x000002d41513d8ac sp=0x000000ee68ef87d0
Event: 35.297 Thread 0x000002d430b7b800 DEOPT UNPACKING pc=0x000002d412ed6dde sp=0x000000ee68ef7d10 mode 0
Event: 35.298 Thread 0x000002d430b7b800 DEOPT PACKING pc=0x000002d41513d8ac sp=0x000000ee68ef87d0
Event: 35.298 Thread 0x000002d430b7b800 DEOPT UNPACKING pc=0x000002d412ed6dde sp=0x000000ee68ef7d10 mode 0
Event: 35.301 Thread 0x000002d430b7b800 DEOPT PACKING pc=0x000002d41513d8ac sp=0x000000ee68ef87d0
Event: 35.301 Thread 0x000002d430b7b800 DEOPT UNPACKING pc=0x000002d412ed6dde sp=0x000000ee68ef7d10 mode 0
Event: 35.304 Thread 0x000002d430b7b800 DEOPT PACKING pc=0x000002d41513d8ac sp=0x000000ee68ef87d0
Event: 35.304 Thread 0x000002d430b7b800 DEOPT UNPACKING pc=0x000002d412ed6dde sp=0x000000ee68ef7d10 mode 0
Event: 35.306 Thread 0x000002d430b7b800 DEOPT PACKING pc=0x000002d41513d8ac sp=0x000000ee68ef87d0
Event: 35.306 Thread 0x000002d430b7b800 DEOPT UNPACKING pc=0x000002d412ed6dde sp=0x000000ee68ef7d10 mode 0
Event: 35.306 Thread 0x000002d430b7b800 DEOPT PACKING pc=0x000002d41513d8ac sp=0x000000ee68ef87d0
Event: 35.306 Thread 0x000002d430b7b800 DEOPT UNPACKING pc=0x000002d412ed6dde sp=0x000000ee68ef7d10 mode 0
Event: 35.316 Thread 0x000002d430b7b800 DEOPT PACKING pc=0x000002d41513999a sp=0x000000ee68ef8680
Event: 35.317 Thread 0x000002d430b7b800 DEOPT UNPACKING pc=0x000002d412ed6dde sp=0x000000ee68ef7be0 mode 0
Event: 35.355 Thread 0x000002d430b7b800 DEOPT PACKING pc=0x000002d41513d8ac sp=0x000000ee68ef87d0
Event: 35.355 Thread 0x000002d430b7b800 DEOPT UNPACKING pc=0x000002d412ed6dde sp=0x000000ee68ef7d10 mode 0

Classes redefined (0 events):
No events

Internal exceptions (20 events):
Event: 33.891 Thread 0x000002d430b7b800 Exception <a 'sun/nio/fs/WindowsException'{0x000000008bf14400}> (0x000000008bf14400) thrown at [./src/hotspot/share/prims/jni.cpp, line 615]
Event: 33.891 Thread 0x000002d430b7b800 Exception <a 'sun/nio/fs/WindowsException'{0x000000008bf172f0}> (0x000000008bf172f0) thrown at [./src/hotspot/share/prims/jni.cpp, line 615]
Event: 33.891 Thread 0x000002d430b7b800 Exception <a 'sun/nio/fs/WindowsException'{0x000000008bf17420}> (0x000000008bf17420) thrown at [./src/hotspot/share/prims/jni.cpp, line 615]
Event: 33.891 Thread 0x000002d430b7b800 Exception <a 'sun/nio/fs/WindowsException'{0x000000008bf21440}> (0x000000008bf21440) thrown at [./src/hotspot/share/prims/jni.cpp, line 615]
Event: 33.891 Thread 0x000002d430b7b800 Exception <a 'sun/nio/fs/WindowsException'{0x000000008bf21578}> (0x000000008bf21578) thrown at [./src/hotspot/share/prims/jni.cpp, line 615]
Event: 33.891 Thread 0x000002d430b7b800 Exception <a 'sun/nio/fs/WindowsException'{0x000000008bf24740}> (0x000000008bf24740) thrown at [./src/hotspot/share/prims/jni.cpp, line 615]
Event: 33.891 Thread 0x000002d430b7b800 Exception <a 'sun/nio/fs/WindowsException'{0x000000008bf24888}> (0x000000008bf24888) thrown at [./src/hotspot/share/prims/jni.cpp, line 615]
Event: 33.916 Thread 0x000002d430b7b800 Implicit null exception at 0x000002d41af28d14 to 0x000002d41af293b4
Event: 34.055 Thread 0x000002d430b7b800 Exception <a 'sun/nio/fs/WindowsException'{0x000000008bc161d0}> (0x000000008bc161d0) thrown at [./src/hotspot/share/prims/jni.cpp, line 615]
Event: 34.055 Thread 0x000002d430b7b800 Exception <a 'sun/nio/fs/WindowsException'{0x000000008bc16320}> (0x000000008bc16320) thrown at [./src/hotspot/share/prims/jni.cpp, line 615]
Event: 34.056 Thread 0x000002d430b7b800 Exception <a 'sun/nio/fs/WindowsException'{0x000000008bc192b8}> (0x000000008bc192b8) thrown at [./src/hotspot/share/prims/jni.cpp, line 615]
Event: 34.057 Thread 0x000002d430b7b800 Exception <a 'sun/nio/fs/WindowsException'{0x000000008bc324c0}> (0x000000008bc324c0) thrown at [./src/hotspot/share/prims/jni.cpp, line 615]
Event: 34.057 Thread 0x000002d430b7b800 Exception <a 'sun/nio/fs/WindowsException'{0x000000008bc32628}> (0x000000008bc32628) thrown at [./src/hotspot/share/prims/jni.cpp, line 615]
Event: 34.057 Thread 0x000002d430b7b800 Exception <a 'sun/nio/fs/WindowsException'{0x000000008bc35628}> (0x000000008bc35628) thrown at [./src/hotspot/share/prims/jni.cpp, line 615]
Event: 34.169 Thread 0x000002d430b7b800 Exception <a 'sun/nio/fs/WindowsException'{0x000000008bf92610}> (0x000000008bf92610) thrown at [./src/hotspot/share/prims/jni.cpp, line 615]
Event: 34.169 Thread 0x000002d430b7b800 Exception <a 'sun/nio/fs/WindowsException'{0x000000008bf92740}> (0x000000008bf92740) thrown at [./src/hotspot/share/prims/jni.cpp, line 615]
Event: 34.169 Thread 0x000002d430b7b800 Exception <a 'sun/nio/fs/WindowsException'{0x000000008bf95118}> (0x000000008bf95118) thrown at [./src/hotspot/share/prims/jni.cpp, line 615]
Event: 34.169 Thread 0x000002d430b7b800 Exception <a 'sun/nio/fs/WindowsException'{0x000000008bf95258}> (0x000000008bf95258) thrown at [./src/hotspot/share/prims/jni.cpp, line 615]
Event: 34.192 Thread 0x000002d430b7b800 Implicit null exception at 0x000002d41b1f0415 to 0x000002d41b1f375a
Event: 34.334 Thread 0x000002d430b7b800 Implicit null exception at 0x000002d41b1dd075 to 0x000002d41b1dd4ac

Events (20 events):
Event: 35.281 Executing VM operation: RevokeBias done
Event: 35.291 Executing VM operation: RevokeBias
Event: 35.291 Executing VM operation: RevokeBias done
Event: 35.297 Executing VM operation: RevokeBias
Event: 35.297 Executing VM operation: RevokeBias done
Event: 35.347 Executing VM operation: RevokeBias
Event: 35.348 Executing VM operation: RevokeBias done
Event: 35.553 Thread 0x000002d4296d3000 flushing nmethod 0x000002d41a9c9490
Event: 35.553 Thread 0x000002d4296d3000 flushing nmethod 0x000002d41a9d4f90
Event: 35.577 Thread 0x000002d4296d3000 flushing nmethod 0x000002d413440010
Event: 35.577 Thread 0x000002d4296d3000 flushing nmethod 0x000002d413441510
Event: 35.577 Thread 0x000002d4296d3000 flushing nmethod 0x000002d413441890
Event: 35.577 Thread 0x000002d4296d3000 flushing nmethod 0x000002d413444e10
Event: 35.577 Thread 0x000002d4296d3000 flushing nmethod 0x000002d413452f90
Event: 35.604 Executing VM operation: CGC_Operation
Event: 35.620 Executing VM operation: CGC_Operation done
Event: 35.710 Thread 0x000002d430b80800 Thread added: 0x000002d430b80800
Event: 35.770 Executing VM operation: CGC_Operation
Event: 35.770 Executing VM operation: CGC_Operation done
Event: 35.785 Executing VM operation: G1CollectForAllocation


Dynamic libraries:
0x00007ff76ef70000 - 0x00007ff76ef7a000 	C:\Program Files\Android\Android Studio\jre\bin\java.exe
0x00007ffaffeb0000 - 0x00007ffb000a5000 	C:\WINDOWS\SYSTEM32\ntdll.dll
0x00007ffaff650000 - 0x00007ffaff70e000 	C:\WINDOWS\System32\KERNEL32.DLL
0x00007ffafdbd0000 - 0x00007ffafde99000 	C:\WINDOWS\System32\KERNELBASE.dll
0x00007ffafd5d0000 - 0x00007ffafd6d0000 	C:\WINDOWS\System32\ucrtbase.dll
0x00007ffaf6510000 - 0x00007ffaf6529000 	C:\Program Files\Android\Android Studio\jre\bin\jli.dll
0x00007ffafe570000 - 0x00007ffafe711000 	C:\WINDOWS\System32\USER32.dll
0x00007ffafdaf0000 - 0x00007ffafdb12000 	C:\WINDOWS\System32\win32u.dll
0x00007ffaea790000 - 0x00007ffaeaa2a000 	C:\WINDOWS\WinSxS\amd64_microsoft.windows.common-controls_6595b64144ccf1df_6.0.19041.1110_none_60b5254171f9507e\COMCTL32.dll
0x00007ffafe8d0000 - 0x00007ffafe8fb000 	C:\WINDOWS\System32\GDI32.dll
0x00007ffaff550000 - 0x00007ffaff5ee000 	C:\WINDOWS\System32\msvcrt.dll
0x00007ffafd790000 - 0x00007ffafd89b000 	C:\WINDOWS\System32\gdi32full.dll
0x00007ffafd8a0000 - 0x00007ffafd93d000 	C:\WINDOWS\System32\msvcp_win.dll
0x00007ffaf1a60000 - 0x00007ffaf1a77000 	C:\Program Files\Android\Android Studio\jre\bin\VCRUNTIME140.dll
0x00007ffafdf00000 - 0x00007ffafdf30000 	C:\WINDOWS\System32\IMM32.DLL
0x00007ffaea560000 - 0x00007ffaea5fd000 	C:\Program Files\Android\Android Studio\jre\bin\msvcp140.dll
0x00007ffaa88e0000 - 0x00007ffaa93b5000 	C:\Program Files\Android\Android Studio\jre\bin\server\jvm.dll
0x00007ffafe720000 - 0x00007ffafe7cc000 	C:\WINDOWS\System32\ADVAPI32.dll
0x00007ffaffdd0000 - 0x00007ffaffe6b000 	C:\WINDOWS\System32\sechost.dll
0x00007ffaffca0000 - 0x00007ffaffdca000 	C:\WINDOWS\System32\RPCRT4.dll
0x00007ffafed20000 - 0x00007ffafed28000 	C:\WINDOWS\System32\PSAPI.DLL
0x00007ffaf54c0000 - 0x00007ffaf54e7000 	C:\WINDOWS\SYSTEM32\WINMM.dll
0x00007ffaf75b0000 - 0x00007ffaf75ba000 	C:\WINDOWS\SYSTEM32\VERSION.dll
0x00007ffaf7df0000 - 0x00007ffaf7df9000 	C:\WINDOWS\SYSTEM32\WSOCK32.dll
0x00007ffafeb30000 - 0x00007ffafeb9b000 	C:\WINDOWS\System32\ws2_32.DLL
0x00007ffafb410000 - 0x00007ffafb422000 	C:\WINDOWS\SYSTEM32\kernel.appcore.dll
0x00007ffaf6580000 - 0x00007ffaf6591000 	C:\Program Files\Android\Android Studio\jre\bin\verify.dll
0x00007ffaf67b0000 - 0x00007ffaf6994000 	C:\WINDOWS\SYSTEM32\DBGHELP.DLL
0x00007ffaead60000 - 0x00007ffaead8c000 	C:\WINDOWS\SYSTEM32\dbgcore.DLL
0x00007ffafd6d0000 - 0x00007ffafd753000 	C:\WINDOWS\System32\bcryptPrimitives.dll
0x00007ffaf6550000 - 0x00007ffaf6579000 	C:\Program Files\Android\Android Studio\jre\bin\java.dll
0x00007ffaf7de0000 - 0x00007ffaf7deb000 	C:\Program Files\Android\Android Studio\jre\bin\jimage.dll
0x00007ffaf6200000 - 0x00007ffaf6218000 	C:\Program Files\Android\Android Studio\jre\bin\zip.dll
0x00007ffafed30000 - 0x00007ffaff46f000 	C:\WINDOWS\System32\SHELL32.dll
0x00007ffafb6f0000 - 0x00007ffafbe80000 	C:\WINDOWS\SYSTEM32\windows.storage.dll
0x00007ffafdf30000 - 0x00007ffafe285000 	C:\WINDOWS\System32\combase.dll
0x00007ffafcf50000 - 0x00007ffafcf7c000 	C:\WINDOWS\SYSTEM32\Wldp.dll
0x00007ffafea80000 - 0x00007ffafeb2d000 	C:\WINDOWS\System32\SHCORE.dll
0x00007ffafecb0000 - 0x00007ffafed05000 	C:\WINDOWS\System32\shlwapi.dll
0x00007ffafd510000 - 0x00007ffafd52f000 	C:\WINDOWS\SYSTEM32\profapi.dll
0x00007ffaf1e30000 - 0x00007ffaf1e4a000 	C:\Program Files\Android\Android Studio\jre\bin\net.dll
0x00007ffaec4f0000 - 0x00007ffaec5f8000 	C:\WINDOWS\SYSTEM32\WINHTTP.dll
0x00007ffafccb0000 - 0x00007ffafcd1a000 	C:\WINDOWS\system32\mswsock.dll
0x00007ffaf1aa0000 - 0x00007ffaf1ab4000 	C:\Program Files\Android\Android Studio\jre\bin\nio.dll
0x00007ffae8090000 - 0x00007ffae80b7000 	C:\Users\User\.gradle\native\e1d6ef7f7dcc3fd88c89a11ec53ec762bb8ba0a96d01ffa2cd45eb1d1d8dd5c5\windows-amd64\native-platform.dll
0x00007ffab1ae0000 - 0x00007ffab1c24000 	C:\Users\User\.gradle\native\5664cfc778a61ccfe75a443a1ab52a65af34e5dc3c78e0209fed803814484fcb\windows-amd64\native-platform-file-events.dll
0x00007ffaf7c70000 - 0x00007ffaf7c7a000 	C:\Program Files\Android\Android Studio\jre\bin\management.dll
0x00007ffaf6ce0000 - 0x00007ffaf6ced000 	C:\Program Files\Android\Android Studio\jre\bin\management_ext.dll
0x00007ffafcea0000 - 0x00007ffafceb8000 	C:\WINDOWS\SYSTEM32\CRYPTSP.dll
0x00007ffafc630000 - 0x00007ffafc664000 	C:\WINDOWS\system32\rsaenh.dll
0x00007ffafd760000 - 0x00007ffafd787000 	C:\WINDOWS\System32\bcrypt.dll
0x00007ffafd4d0000 - 0x00007ffafd4fe000 	C:\WINDOWS\SYSTEM32\USERENV.dll
0x00007ffafcec0000 - 0x00007ffafcecc000 	C:\WINDOWS\SYSTEM32\CRYPTBASE.dll
0x00007ffafc9a0000 - 0x00007ffafc9db000 	C:\WINDOWS\SYSTEM32\IPHLPAPI.DLL
0x00007ffaff540000 - 0x00007ffaff548000 	C:\WINDOWS\System32\NSI.dll
0x00007ffaf5d60000 - 0x00007ffaf5d77000 	C:\WINDOWS\SYSTEM32\dhcpcsvc6.DLL
0x00007ffaf5e30000 - 0x00007ffaf5e4d000 	C:\WINDOWS\SYSTEM32\dhcpcsvc.DLL
0x00007ffafc9e0000 - 0x00007ffafcaac000 	C:\WINDOWS\SYSTEM32\DNSAPI.dll
0x00007ffaf1060000 - 0x00007ffaf107e000 	C:\Users\User\AppData\Local\Temp\native-platform12935202119779359965dir\native-platform.dll
0x00007ffafae20000 - 0x00007ffafae28000 	C:\Program Files\Android\Android Studio\jre\bin\rmi.dll
0x00007ffad6110000 - 0x00007ffad6127000 	C:\WINDOWS\system32\napinsp.dll
0x00007ffad60f0000 - 0x00007ffad610b000 	C:\WINDOWS\system32\pnrpnsp.dll
0x00007ffaf80f0000 - 0x00007ffaf8105000 	C:\WINDOWS\system32\wshbth.dll
0x00007ffaf9020000 - 0x00007ffaf903d000 	C:\WINDOWS\system32\NLAapi.dll
0x00007ffad60d0000 - 0x00007ffad60e2000 	C:\WINDOWS\System32\winrnr.dll
0x00007ffae50e0000 - 0x00007ffae50ea000 	C:\Windows\System32\rasadhlp.dll
0x00007ffaedb10000 - 0x00007ffaedb8f000 	C:\WINDOWS\System32\fwpuclnt.dll

dbghelp: loaded successfully - version: 4.0.5 - missing functions: none
symbol engine: initialized successfully - sym options: 0x614 - pdb path: .;C:\Program Files\Android\Android Studio\jre\bin;C:\WINDOWS\SYSTEM32;C:\WINDOWS\WinSxS\amd64_microsoft.windows.common-controls_6595b64144ccf1df_6.0.19041.1110_none_60b5254171f9507e;C:\Program Files\Android\Android Studio\jre\bin\server;C:\Users\User\.gradle\native\e1d6ef7f7dcc3fd88c89a11ec53ec762bb8ba0a96d01ffa2cd45eb1d1d8dd5c5\windows-amd64;C:\Users\User\.gradle\native\5664cfc778a61ccfe75a443a1ab52a65af34e5dc3c78e0209fed803814484fcb\windows-amd64;C:\Users\User\AppData\Local\Temp\native-platform12935202119779359965dir

VM Arguments:
jvm_args: --add-opens=java.base/java.util=ALL-UNNAMED --add-opens=java.base/java.lang=ALL-UNNAMED --add-opens=java.base/java.lang.invoke=ALL-UNNAMED --add-opens=java.base/java.util=ALL-UNNAMED --add-opens=java.prefs/java.util.prefs=ALL-UNNAMED --add-opens=java.prefs/java.util.prefs=ALL-UNNAMED --add-opens=java.base/java.nio.charset=ALL-UNNAMED --add-opens=java.base/java.net=ALL-UNNAMED --add-opens=java.base/java.util.concurrent.atomic=ALL-UNNAMED -Xmx2048m -Dfile.encoding=UTF-8 -Duser.country=ID -Duser.language=en -Duser.variant 
java_command: org.gradle.launcher.daemon.bootstrap.GradleDaemon 7.2
java_class_path (initial): C:\Users\User\.gradle\wrapper\dists\gradle-7.2-bin\2dnblmf4td7x66yl1d74lt32g\gradle-7.2\lib\gradle-launcher-7.2.jar
Launcher Type: SUN_STANDARD

[Global flags]
     intx CICompilerCount                          = 3                                         {product} {ergonomic}
     uint ConcGCThreads                            = 1                                         {product} {ergonomic}
     uint G1ConcRefinementThreads                  = 4                                         {product} {ergonomic}
   size_t G1HeapRegionSize                         = 1048576                                   {product} {ergonomic}
    uintx GCDrainStackTargetSize                   = 64                                        {product} {ergonomic}
   size_t InitialHeapSize                          = 117440512                                 {product} {ergonomic}
   size_t MarkStackSize                            = 4194304                                   {product} {ergonomic}
   size_t MaxHeapSize                              = 2147483648                                {product} {command line}
   size_t MaxNewSize                               = 1287651328                                {product} {ergonomic}
   size_t MinHeapDeltaBytes                        = 1048576                                   {product} {ergonomic}
    uintx NonNMethodCodeHeapSize                   = 5830732                                {pd product} {ergonomic}
    uintx NonProfiledCodeHeapSize                  = 122913754                              {pd product} {ergonomic}
    uintx ProfiledCodeHeapSize                     = 122913754                              {pd product} {ergonomic}
    uintx ReservedCodeCacheSize                    = 251658240                              {pd product} {ergonomic}
     bool SegmentedCodeCache                       = true                                      {product} {ergonomic}
     bool UseCompressedClassPointers               = true                                 {lp64_product} {ergonomic}
     bool UseCompressedOops                        = true                                 {lp64_product} {ergonomic}
     bool UseG1GC                                  = true                                      {product} {ergonomic}
     bool UseLargePagesIndividualAllocation        = false                                  {pd product} {ergonomic}

Logging:
Log output configuration:
 #0: stdout all=warning uptime,level,tags
 #1: stderr all=off uptime,level,tags

Environment Variables:
JAVA_HOME=C:\Users\User\.jdks\azul-13.0.8
CLASSPATH=.;
PATH=C:\Program Files\gradle-7.3.3-bin\gradle-7.3.3\bin;C:\Program Files (x86)\Common Files\Oracle\Java\javapath;C:\Python27\;C:\Python27\Scripts;C:\ProgramData\Oracle\Java\javapath;C:\WINDOWS\system32;C:\WINDOWS;C:\WINDOWS\System32\Wbem;C:\WINDOWS\System32\WindowsPowerShell\v1.0\;C:\WINDOWS\System32\OpenSSH\;C:\ProgramData\chocolatey\bin;C:\Program Files\nodejs\;C:\Users\User\AppData\Local\Android\Sdk\platform-tools;C:\Program Files\Java\jdk-15.0.2\bin;C:\Program Files\Java\jdk1.8.0_271\bin;C:\Users\User\.jdks\azul-13.0.8\bin;C:\Program Files\Git\cmd;C:\flutter\bin;C:\Users\User\AppData\Local\Microsoft\WindowsApps;C:\Users\User\AppData\Local\Programs\Microsoft VS Code\bin;C:\Users\User\AppData\Roaming\npm;C:\Users\User\AppData\Local\Android\Sdk\platform-tools;
USERNAME=User
OS=Windows_NT
PROCESSOR_IDENTIFIER=AMD64 Family 23 Model 24 Stepping 1, AuthenticAMD



---------------  S Y S T E M  ---------------

OS: Windows 10 , 64 bit Build 19041 (10.0.19041.1202)
OS uptime: 0 days 23:38 hours

CPU:total 4 (initial active 4) (4 cores per cpu, 1 threads per core) family 23 model 24 stepping 1 microcode 0x0, cmov, cx8, fxsr, mmx, sse, sse2, sse3, ssse3, sse4.1, sse4.2, popcnt, avx, avx2, aes, clmul, mmxext, 3dnowpref, lzcnt, sse4a, tsc, tscinvbit, tscinv, bmi1, bmi2, adx, sha, 

Memory: 4k page, system-wide physical 7096M (376M free)
TotalPageFile size 15288M (AvailPageFile size 88M)
current process WorkingSet (physical memory assigned to process): 412M, peak: 468M
current process commit charge ("private bytes"): 685M, peak: 1362M

vm_info: OpenJDK 64-Bit Server VM (11.0.11+9-b60-7590822) for windows-amd64 JRE (11.0.11+9-b60-7590822), built on Jul 29 2021 21:43:44 by "builder" with MS VC++ 14.0 (VS2015)

END.
